Log file open, 11/06/16 12:54:31
LogInit:Display: Running engine for game: StaticVoid
LogPlatformFile: Not using cached read wrapper
LogInit:Display: RandInit(-1197058893) SRandInit(-1197058893).
LogTaskGraph: Started task graph with 5 named threads and 8 total threads with 1 sets of task threads.
LogStats: Stats thread started at 0.630696
LogPluginManager: Loaded Plugin Paper2D, From C:/Program Files (x86)/Epic Games/4.13/Engine/Plugins/2D/Paper2D/Paper2D.uplugin
LogPluginManager: Loaded Plugin LightPropagationVolume, From C:/Program Files (x86)/Epic Games/4.13/Engine/Plugins/Blendables/LightPropagationVolume/LightPropagationVolume.uplugin
LogPluginManager: Loaded Plugin BlankPlugin, From C:/Program Files (x86)/Epic Games/4.13/Engine/Plugins/Developer/BlankPlugin/BlankPlugin.uplugin
LogPluginManager: Loaded Plugin CodeLiteSourceCodeAccess, From C:/Program Files (x86)/Epic Games/4.13/Engine/Plugins/Developer/CodeLiteSourceCodeAccess/CodeLiteSourceCodeAccess.uplugin
LogPluginManager: Loaded Plugin GitSourceControl, From C:/Program Files (x86)/Epic Games/4.13/Engine/Plugins/Developer/GitSourceControl/GitSourceControl.uplugin
LogPluginManager: Loaded Plugin KDevelopSourceCodeAccess, From C:/Program Files (x86)/Epic Games/4.13/Engine/Plugins/Developer/KDevelopSourceCodeAccess/KDevelopSourceCodeAccess.uplugin
LogPluginManager: Loaded Plugin NullSourceCodeAccess, From C:/Program Files (x86)/Epic Games/4.13/Engine/Plugins/Developer/NullSourceCodeAccess/NullSourceCodeAccess.uplugin
LogPluginManager: Loaded Plugin OneSkyLocalizationService, From C:/Program Files (x86)/Epic Games/4.13/Engine/Plugins/Developer/OneSkyLocalizationService/OneSkyLocalizationService.uplugin
LogPluginManager: Loaded Plugin PerforceSourceControl, From C:/Program Files (x86)/Epic Games/4.13/Engine/Plugins/Developer/PerforceSourceControl/PerforceSourceControl.uplugin
LogPluginManager: Loaded Plugin SubversionSourceControl, From C:/Program Files (x86)/Epic Games/4.13/Engine/Plugins/Developer/SubversionSourceControl/SubversionSourceControl.uplugin
LogPluginManager: Loaded Plugin UObjectPlugin, From C:/Program Files (x86)/Epic Games/4.13/Engine/Plugins/Developer/UObjectPlugin/UObjectPlugin.uplugin
LogPluginManager: Loaded Plugin VisualStudioSourceCodeAccess, From C:/Program Files (x86)/Epic Games/4.13/Engine/Plugins/Developer/VisualStudioSourceCodeAccess/VisualStudioSourceCodeAccess.uplugin
LogPluginManager: Loaded Plugin XCodeSourceCodeAccess, From C:/Program Files (x86)/Epic Games/4.13/Engine/Plugins/Developer/XCodeSourceCodeAccess/XCodeSourceCodeAccess.uplugin
LogPluginManager: Loaded Plugin EpicSurvey, From C:/Program Files (x86)/Epic Games/4.13/Engine/Plugins/Editor/EpicSurvey/EpicSurvey.uplugin
LogPluginManager: Loaded Plugin MacGraphicsSwitching, From C:/Program Files (x86)/Epic Games/4.13/Engine/Plugins/Editor/MacGraphicsSwitching/MacGraphicsSwitching.uplugin
LogPluginManager: Loaded Plugin MobileLauncherProfileWizard, From C:/Program Files (x86)/Epic Games/4.13/Engine/Plugins/Editor/MobileLauncherProfileWizard/MobileLauncherProfileWizard.uplugin
LogPluginManager: Loaded Plugin PluginBrowser, From C:/Program Files (x86)/Epic Games/4.13/Engine/Plugins/Editor/PluginBrowser/PluginBrowser.uplugin
LogPluginManager: Loaded Plugin SpeedTreeImporter, From C:/Program Files (x86)/Epic Games/4.13/Engine/Plugins/Editor/SpeedTreeImporter/SpeedTreeImporter.uplugin
LogPluginManager: Loaded Plugin SuperSearchEditor, From C:/Program Files (x86)/Epic Games/4.13/Engine/Plugins/Editor/SuperSearchEditor/SuperSearchEditor.uplugin
LogPluginManager: Loaded Plugin AlembicImporter, From C:/Program Files (x86)/Epic Games/4.13/Engine/Plugins/Experimental/AlembicImporter/AlembicImporter.uplugin
LogPluginManager: Loaded Plugin BlueprintStats, From C:/Program Files (x86)/Epic Games/4.13/Engine/Plugins/Experimental/BlueprintStats/BlueprintStats.uplugin
LogPluginManager: Loaded Plugin CharacterAI, From C:/Program Files (x86)/Epic Games/4.13/Engine/Plugins/Experimental/CharacterAI/CharacterAI.uplugin
LogPluginManager: Loaded Plugin CodeEditor, From C:/Program Files (x86)/Epic Games/4.13/Engine/Plugins/Experimental/CodeEditor/CodeEditor.uplugin
LogPluginManager: Loaded Plugin CodeView, From C:/Program Files (x86)/Epic Games/4.13/Engine/Plugins/Experimental/CodeView/CodeView.uplugin
LogPluginManager: Loaded Plugin HTML5Networking, From C:/Program Files (x86)/Epic Games/4.13/Engine/Plugins/Experimental/HTML5Networking/HTML5Networking.uplugin
LogPluginManager: Loaded Plugin LiveEditor, From C:/Program Files (x86)/Epic Games/4.13/Engine/Plugins/Experimental/LiveEditor/LiveEditor.uplugin
LogPluginManager: Loaded Plugin OSVR, From C:/Program Files (x86)/Epic Games/4.13/Engine/Plugins/Experimental/OSVR/OSVR.uplugin
LogPluginManager: Loaded Plugin Phya, From C:/Program Files (x86)/Epic Games/4.13/Engine/Plugins/Experimental/Phya/Phya.uplugin
LogPluginManager: Loaded Plugin SignificanceManager, From C:/Program Files (x86)/Epic Games/4.13/Engine/Plugins/Experimental/SignificanceManager/SignificanceManager.uplugin
LogPluginManager: Loaded Plugin SimpleHMD, From C:/Program Files (x86)/Epic Games/4.13/Engine/Plugins/Experimental/SimpleHMD/SimpleHMD.uplugin
LogPluginManager: Loaded Plugin StereoPanorama, From C:/Program Files (x86)/Epic Games/4.13/Engine/Plugins/Experimental/StereoPanorama/StereoPanorama.uplugin
LogPluginManager: Loaded Plugin StructBox, From C:/Program Files (x86)/Epic Games/4.13/Engine/Plugins/Experimental/StructBox/StructBox.uplugin
LogPluginManager: Loaded Plugin AndroidMedia, From C:/Program Files (x86)/Epic Games/4.13/Engine/Plugins/Media/AndroidMedia/AndroidMedia.uplugin
LogPluginManager: Loaded Plugin AvfMedia, From C:/Program Files (x86)/Epic Games/4.13/Engine/Plugins/Media/AvfMedia/AvfMedia.uplugin
LogPluginManager: Loaded Plugin MediaPlayerEditor, From C:/Program Files (x86)/Epic Games/4.13/Engine/Plugins/Media/MediaPlayerEditor/MediaPlayerEditor.uplugin
LogPluginManager: Loaded Plugin WmfMedia, From C:/Program Files (x86)/Epic Games/4.13/Engine/Plugins/Media/WmfMedia/WmfMedia.uplugin
LogPluginManager: Loaded Plugin MessagingDebugger, From C:/Program Files (x86)/Epic Games/4.13/Engine/Plugins/Messaging/MessagingDebugger/MessagingDebugger.uplugin
LogPluginManager: Loaded Plugin TcpMessaging, From C:/Program Files (x86)/Epic Games/4.13/Engine/Plugins/Messaging/TcpMessaging/TcpMessaging.uplugin
LogPluginManager: Loaded Plugin UdpMessaging, From C:/Program Files (x86)/Epic Games/4.13/Engine/Plugins/Messaging/UdpMessaging/UdpMessaging.uplugin
LogPluginManager: Loaded Plugin LevelSequenceEditor, From C:/Program Files (x86)/Epic Games/4.13/Engine/Plugins/MovieScene/LevelSequenceEditor/LevelSequenceEditor.uplugin
LogPluginManager: Loaded Plugin MatineeToLevelSequence, From C:/Program Files (x86)/Epic Games/4.13/Engine/Plugins/MovieScene/MatineeToLevelSequence/MatineeToLevelSequence.uplugin
LogPluginManager: Loaded Plugin NetcodeUnitTest, From C:/Program Files (x86)/Epic Games/4.13/Engine/Plugins/NetcodeUnitTest/NetcodeUnitTest/NetcodeUnitTest.uplugin
LogPluginManager: Loaded Plugin NUTUnrealEngine4, From C:/Program Files (x86)/Epic Games/4.13/Engine/Plugins/NetcodeUnitTest/NUTUnrealEngine4/NUTUnrealEngine4.uplugin
LogPluginManager: Loaded Plugin OnlineSubsystemGooglePlay, From C:/Program Files (x86)/Epic Games/4.13/Engine/Plugins/Online/Android/OnlineSubsystemGooglePlay/OnlineSubsystemGooglePlay.uplugin
LogPluginManager: Loaded Plugin OnlineSubsystemIOS, From C:/Program Files (x86)/Epic Games/4.13/Engine/Plugins/Online/IOS/OnlineSubsystemIOS/OnlineSubsystemIOS.uplugin
LogPluginManager: Loaded Plugin OnlineFramework, From C:/Program Files (x86)/Epic Games/4.13/Engine/Plugins/Online/OnlineFramework/OnlineFramework.uplugin
LogPluginManager: Loaded Plugin OnlineSubsystem, From C:/Program Files (x86)/Epic Games/4.13/Engine/Plugins/Online/OnlineSubsystem/OnlineSubsystem.uplugin
LogPluginManager: Loaded Plugin OnlineSubsystemAmazon, From C:/Program Files (x86)/Epic Games/4.13/Engine/Plugins/Online/OnlineSubsystemAmazon/OnlineSubsystemAmazon.uplugin
LogPluginManager: Loaded Plugin OnlineSubsystemFacebook, From C:/Program Files (x86)/Epic Games/4.13/Engine/Plugins/Online/OnlineSubsystemFacebook/OnlineSubsystemFacebook.uplugin
LogPluginManager: Loaded Plugin OnlineSubsystemNull, From C:/Program Files (x86)/Epic Games/4.13/Engine/Plugins/Online/OnlineSubsystemNull/OnlineSubsystemNull.uplugin
LogPluginManager: Loaded Plugin OnlineSubsystemOculus, From C:/Program Files (x86)/Epic Games/4.13/Engine/Plugins/Online/OnlineSubsystemOculus/OnlineSubsystemOculus.uplugin
LogPluginManager: Loaded Plugin OnlineSubsystemSteam, From C:/Program Files (x86)/Epic Games/4.13/Engine/Plugins/Online/OnlineSubsystemSteam/OnlineSubsystemSteam.uplugin
LogPluginManager: Loaded Plugin OnlineSubsystemUtils, From C:/Program Files (x86)/Epic Games/4.13/Engine/Plugins/Online/OnlineSubsystemUtils/OnlineSubsystemUtils.uplugin
LogPluginManager: Loaded Plugin IOSTapJoy, From C:/Program Files (x86)/Epic Games/4.13/Engine/Plugins/Runtime/Advertising/IOSTapJoy/IOSTapJoy.uplugin
LogPluginManager: Loaded Plugin AnalyticsBlueprintLibrary, From C:/Program Files (x86)/Epic Games/4.13/Engine/Plugins/Runtime/Analytics/AnalyticsBlueprintLibrary/AnalyticsBlueprintLibrary.uplugin
LogPluginManager: Loaded Plugin AnalyticsMulticast, From C:/Program Files (x86)/Epic Games/4.13/Engine/Plugins/Runtime/Analytics/AnalyticsMulticast/AnalyticsMulticast.uplugin
LogPluginManager: Loaded Plugin Apsalar, From C:/Program Files (x86)/Epic Games/4.13/Engine/Plugins/Runtime/Analytics/Apsalar/Apsalar.uplugin
LogPluginManager: Loaded Plugin FileLogging, From C:/Program Files (x86)/Epic Games/4.13/Engine/Plugins/Runtime/Analytics/FileLogging/FileLogging.uplugin
LogPluginManager: Loaded Plugin Flurry, From C:/Program Files (x86)/Epic Games/4.13/Engine/Plugins/Runtime/Analytics/Flurry/Flurry.uplugin
LogPluginManager: Loaded Plugin AndroidDeviceProfileSelector, From C:/Program Files (x86)/Epic Games/4.13/Engine/Plugins/Runtime/AndroidDeviceProfileSelector/AndroidDeviceProfileSelector.uplugin
LogPluginManager: Loaded Plugin AndroidMoviePlayer, From C:/Program Files (x86)/Epic Games/4.13/Engine/Plugins/Runtime/AndroidMoviePlayer/AndroidMoviePlayer.uplugin
LogPluginManager: Loaded Plugin AppleMoviePlayer, From C:/Program Files (x86)/Epic Games/4.13/Engine/Plugins/Runtime/AppleMoviePlayer/AppleMoviePlayer.uplugin
LogPluginManager: Loaded Plugin ArchVisCharacter, From C:/Program Files (x86)/Epic Games/4.13/Engine/Plugins/Runtime/ArchVisCharacter/ArchVisCharacter.uplugin
LogPluginManager: Loaded Plugin CableComponent, From C:/Program Files (x86)/Epic Games/4.13/Engine/Plugins/Runtime/CableComponent/CableComponent.uplugin
LogPluginManager: Loaded Plugin CustomMeshComponent, From C:/Program Files (x86)/Epic Games/4.13/Engine/Plugins/Runtime/CustomMeshComponent/CustomMeshComponent.uplugin
LogPluginManager: Loaded Plugin ExampleDeviceProfileSelector, From C:/Program Files (x86)/Epic Games/4.13/Engine/Plugins/Runtime/ExampleDeviceProfileSelector/ExampleDeviceProfileSelector.uplugin
LogPluginManager: Loaded Plugin GearVR, From C:/Program Files (x86)/Epic Games/4.13/Engine/Plugins/Runtime/GearVR/GearVR.uplugin
LogPluginManager: Loaded Plugin GoogleVRController, From C:/Program Files (x86)/Epic Games/4.13/Engine/Plugins/Runtime/GoogleVR/GoogleVRController/GoogleVRController.uplugin
LogPluginManager: Loaded Plugin GoogleVRHMD, From C:/Program Files (x86)/Epic Games/4.13/Engine/Plugins/Runtime/GoogleVR/GoogleVRHMD/GoogleVRHMD.uplugin
LogPluginManager: Loaded Plugin IOSDeviceProfileSelector, From C:/Program Files (x86)/Epic Games/4.13/Engine/Plugins/Runtime/IOSDeviceProfileSelector/IOSDeviceProfileSelector.uplugin
LogPluginManager: Loaded Plugin LeapMotion, From C:/Program Files (x86)/Epic Games/4.13/Engine/Plugins/Runtime/LeapMotion/LeapMotion.uplugin
LogPluginManager: Loaded Plugin LinuxDeviceProfileSelector, From C:/Program Files (x86)/Epic Games/4.13/Engine/Plugins/Runtime/LinuxDeviceProfileSelector/LinuxDeviceProfileSelector.uplugin
LogPluginManager: Loaded Plugin LiveEditorListenServer, From C:/Program Files (x86)/Epic Games/4.13/Engine/Plugins/Runtime/LiveEditorListenServer/LiveEditorListenServer.uplugin
LogPluginManager: Loaded Plugin OculusAudio, From C:/Program Files (x86)/Epic Games/4.13/Engine/Plugins/Runtime/OculusAudio/OculusAudio.uplugin
LogPluginManager: Loaded Plugin OculusInput, From C:/Program Files (x86)/Epic Games/4.13/Engine/Plugins/Runtime/OculusInput/OculusInput.uplugin
LogPluginManager: Loaded Plugin OculusLibrary, From C:/Program Files (x86)/Epic Games/4.13/Engine/Plugins/Runtime/OculusLibrary/OculusLibrary.uplugin
LogPluginManager: Loaded Plugin OculusRift, From C:/Program Files (x86)/Epic Games/4.13/Engine/Plugins/Runtime/OculusRift/OculusRift.uplugin
LogPluginManager: Loaded Plugin Oodle, From C:/Program Files (x86)/Epic Games/4.13/Engine/Plugins/Runtime/PacketHandlers/CompressionComponents/Oodle/Oodle.uplugin
LogPluginManager: Loaded Plugin ProceduralMeshComponent, From C:/Program Files (x86)/Epic Games/4.13/Engine/Plugins/Runtime/ProceduralMeshComponent/ProceduralMeshComponent.uplugin
LogPluginManager: Loaded Plugin SoundMod, From C:/Program Files (x86)/Epic Games/4.13/Engine/Plugins/Runtime/SoundMod/SoundMod.uplugin
LogPluginManager: Loaded Plugin SoundVisualizations, From C:/Program Files (x86)/Epic Games/4.13/Engine/Plugins/Runtime/SoundVisualizations/SoundVisualizations.uplugin
LogPluginManager: Loaded Plugin SteamController, From C:/Program Files (x86)/Epic Games/4.13/Engine/Plugins/Runtime/Steam/SteamController/SteamController.uplugin
LogPluginManager: Loaded Plugin SteamVR, From C:/Program Files (x86)/Epic Games/4.13/Engine/Plugins/Runtime/Steam/SteamVR/SteamVR.uplugin
LogPluginManager: Loaded Plugin WebBrowserWidget, From C:/Program Files (x86)/Epic Games/4.13/Engine/Plugins/Runtime/WebBrowserWidget/WebBrowserWidget.uplugin
LogPluginManager: Loaded Plugin WindowsDeviceProfileSelector, From C:/Program Files (x86)/Epic Games/4.13/Engine/Plugins/Runtime/WindowsDeviceProfileSelector/WindowsDeviceProfileSelector.uplugin
LogPluginManager: Loaded Plugin WindowsMoviePlayer, From C:/Program Files (x86)/Epic Games/4.13/Engine/Plugins/Runtime/WindowsMoviePlayer/WindowsMoviePlayer.uplugin
LogPluginManager: Loaded Plugin ScriptPlugin, From C:/Program Files (x86)/Epic Games/4.13/Engine/Plugins/ScriptPlugin/ScriptPlugin.uplugin
LogPluginManager: Loaded Plugin SlateRemote, From C:/Program Files (x86)/Epic Games/4.13/Engine/Plugins/Slate/SlateRemote/SlateRemote.uplugin
LogInit: Using libcurl 7.47.1
LogInit:  - built for x86_64-pc-win32
LogInit:  - supports SSL with WinSSL
LogInit:  - other features:
LogInit:      CURL_VERSION_SSL
LogInit:      CURL_VERSION_IPV6
LogInit:      CURL_VERSION_ASYNCHDNS
LogInit:      CURL_VERSION_LARGEFILE
LogInit:      CURL_VERSION_IDN
LogInit:  CurlRequestOptions (configurable via config and command line):
LogInit:  - bVerifyPeer = false  - Libcurl will NOT verify peer certificate
LogInit:  - bUseHttpProxy = false  - Libcurl will NOT use HTTP proxy
LogInit:  - bDontReuseConnections = false  - Libcurl will reuse connections
LogInit:  - CertBundlePath = nullptr  - Libcurl will use whatever was configured at build time.
LogInit: Build: ++UE4+Release-4.13-CL-3142249
LogInit: Engine Version: 4.13.1-3142249+++UE4+Release-4.13
LogInit: Compatible Engine Version: 4.13.0-3106830+++UE4+Release-4.13
LogInit: Net CL: 3142249
LogDevObjectVersion: Number of dev versions registered: 13
LogDevObjectVersion:   Dev-Blueprints (B0D832E4-1F89-4F0D-ACCF-7EB736FD4AA2): 5
LogDevObjectVersion:   Dev-Build (E1C64328-A22C-4D53-A36C-8E866417BD8C): 0
LogDevObjectVersion:   Dev-Core (375EC13C-06E4-48FB-B500-84F0262A717E): 1
LogDevObjectVersion:   Dev-Editor (E4B068ED-F494-42E9-A231-DA0B2E46BB41): 6
LogDevObjectVersion:   Dev-Framework (CFFC743F-43B0-4480-9391-14DF171D2073): 12
LogDevObjectVersion:   Dev-Mobile (B02B49B5-BB20-44E9-A304-32B752E40360): 0
LogDevObjectVersion:   Dev-Networking (A4E4105C-59A1-49B5-A7C5-40C4547EDFEE): 0
LogDevObjectVersion:   Dev-Online (39C831C9-5AE6-47DC-9A44-9C173E1C8E7C): 0
LogDevObjectVersion:   Dev-Physics (78F01B33-EBEA-4F98-B9B4-84EACCB95AA2): 0
LogDevObjectVersion:   Dev-Platform (6631380F-2D4D-43E0-8009-CF276956A95A): 0
LogDevObjectVersion:   Dev-Rendering (12F88B9F-8875-4AFC-A67C-D90C383ABD29): 4
LogDevObjectVersion:   Dev-Sequencer (7B5AE74C-D270-4C10-A958-57980B212A5A): 0
LogDevObjectVersion:   Dev-VR (D7296918-1DD6-4BDD-9DE2-64A83CC13884): 0
LogInit: Compiled (64-bit): Sep 28 2016 02:12:12
LogInit: Compiled with Visual C++: 19.00.23026.00
LogInit: Build Configuration: Development
LogInit: Branch Name: ++UE4+Release-4.13
LogInit: Command line:  
LogInit: Base directory: C:/Program Files (x86)/Epic Games/4.13/Engine/Binaries/Win64/
LogInit: Installed Engine Build: 1
LogInit: Presizing for max 8388607 objects, including 0 objects not considered by GC, pre-allocating 0 bytes for permanent pool.
LogInit: Object subsystem initialized
[2016.11.06-12.54.31:447][  0]LogInit: Selected Device Profile: [Windows]
[2016.11.06-12.54.31:447][  0]LogInit: Applying CVar settings loaded from the selected device profile: [Windows]
[2016.11.06-12.54.31:461][  0]LogInit: Computer: CLEOPATRA
[2016.11.06-12.54.31:461][  0]LogInit: User: Erinexx
[2016.11.06-12.54.31:461][  0]LogInit: CPU Page size=65536, Cores=4
[2016.11.06-12.54.31:461][  0]LogInit: High frequency timer resolution =3.421875 MHz
[2016.11.06-12.54.31:461][  0]LogMemory: Memory total: Physical=16.0GB (16GB approx)
[2016.11.06-12.54.31:461][  0]LogMemory: Platform Memory Stats for Windows
[2016.11.06-12.54.31:461][  0]LogMemory: Process Physical Memory: 253.97 MB used, 253.97 MB peak
[2016.11.06-12.54.31:461][  0]LogMemory: Process Virtual Memory: 259.80 MB used, 259.80 MB peak
[2016.11.06-12.54.31:461][  0]LogMemory: Physical Memory: 7474.91 MB used, 16333.29 MB total
[2016.11.06-12.54.31:461][  0]LogMemory: Virtual Memory: 603.82 MB used, 134217728.00 MB total
[2016.11.06-12.54.31:646][  0]LogTextLocalizationManager: No specific translations for ('en-GB') exist, so ('en') translations will be used.
[2016.11.06-12.54.32:340][  0]LogD3D11RHI: D3D11 adapters:
[2016.11.06-12.54.32:366][  0]LogD3D11RHI:    0. 'NVIDIA GeForce GTX 1070' (Feature Level 11_0)
[2016.11.06-12.54.32:366][  0]LogD3D11RHI:       8053/0/8166 MB DedicatedVideo/DedicatedSystem/SharedSystem, Outputs:1, VendorId:0x10de
[2016.11.06-12.54.32:367][  0]LogD3D11RHI:    1. 'Microsoft Basic Render Driver' (Feature Level 11_0)
[2016.11.06-12.54.32:367][  0]LogD3D11RHI:       0/0/256 MB DedicatedVideo/DedicatedSystem/SharedSystem, Outputs:0, VendorId:0x1414
[2016.11.06-12.54.32:367][  0]LogD3D11RHI: Chosen D3D11 Adapter: 0
[2016.11.06-12.54.32:371][  0]LogD3D11RHI: Creating new Direct3DDevice
[2016.11.06-12.54.32:371][  0]LogD3D11RHI:     GPU DeviceId: 0x1b81 (for the marketing name, search the web for "GPU Device Id")
[2016.11.06-12.54.32:371][  0]LogWindows: EnumDisplayDevices:
[2016.11.06-12.54.32:372][  0]LogWindows:    0. 'NVIDIA GeForce GTX 1070' (P:1 D:1)
[2016.11.06-12.54.32:372][  0]LogWindows:    1. 'NVIDIA GeForce GTX 1070' (P:0 D:0)
[2016.11.06-12.54.32:372][  0]LogWindows:    2. 'NVIDIA GeForce GTX 1070' (P:0 D:0)
[2016.11.06-12.54.32:372][  0]LogWindows:    3. 'NVIDIA GeForce GTX 1070' (P:0 D:0)
[2016.11.06-12.54.32:373][  0]LogWindows: DebugString: FoundDriverCount:4 
[2016.11.06-12.54.32:373][  0]LogD3D11RHI:     Adapter Name: NVIDIA GeForce GTX 1070
[2016.11.06-12.54.32:373][  0]LogD3D11RHI:   Driver Version: 375.70 (internal:21.21.13.7570, unified:375.70)
[2016.11.06-12.54.32:373][  0]LogD3D11RHI:      Driver Date: 10-25-2016
[2016.11.06-12.54.32:373][  0]LogRHI: Texture pool is 1361 MB (70% of 1945 MB)
[2016.11.06-12.54.32:384][  0]LogD3D11RHI: Async texture creation enabled
[2016.11.06-12.54.32:426][  0]LogD3D11RHI: GPU Timing Frequency: 1000.000000 (Debug: 2 2)
[2016.11.06-12.54.32:432][  0]LogShaderCompilers: Guid format shader working directory is -14 characters bigger than the processId version (E:/Users/Erinexx/Documents/GitHub/StaticVoidVR/ue4/StaticVoid/Intermediate/Shaders/WorkingDirectory/12636/).
[2016.11.06-12.54.32:432][  0]LogShaderCompilers: Cleaned the shader compiler working directory 'C:/Users/Erinexx/AppData/Local/Temp/UnrealShaderWorkingDir/DCB5C5B44D2F3BDBF5FA6FA44FB0776B/'.
[2016.11.06-12.54.32:432][  0]LogShaderCompilers:Display: Using Local Shader Compiler.
[2016.11.06-12.54.33:681][  0]LogTemp:Display: Loaded TP AllDesktopTargetPlatform
[2016.11.06-12.54.33:690][  0]LogTemp:Display: Loaded TP WindowsClientTargetPlatform
[2016.11.06-12.54.33:698][  0]LogTemp:Display: Loaded TP WindowsNoEditorTargetPlatform
[2016.11.06-12.54.33:706][  0]LogTemp:Display: Loaded TP WindowsServerTargetPlatform
[2016.11.06-12.54.33:715][  0]LogTemp:Display: Loaded TP WindowsTargetPlatform
[2016.11.06-12.54.33:724][  0]LogTemp:Display: Loaded TP AndroidTargetPlatform
[2016.11.06-12.54.33:731][  0]LogTemp:Display: Loaded TP Android_ASTCTargetPlatform
[2016.11.06-12.54.33:738][  0]LogTemp:Display: Loaded TP Android_ATCTargetPlatform
[2016.11.06-12.54.33:746][  0]LogTemp:Display: Loaded TP Android_DXTTargetPlatform
[2016.11.06-12.54.33:752][  0]LogTemp:Display: Loaded TP Android_ETC1TargetPlatform
[2016.11.06-12.54.33:759][  0]LogTemp:Display: Loaded TP Android_ETC2TargetPlatform
[2016.11.06-12.54.33:773][  0]LogTemp:Display: Loaded TP Android_MultiTargetPlatform
[2016.11.06-12.54.33:773][  0]LogTemp:Display: Loaded TP Android_PVRTCTargetPlatform
[2016.11.06-12.54.33:776][  0]LogTemp:Display: Loaded TP HTML5TargetPlatform
[2016.11.06-12.54.33:805][  0]LogTemp:Display: Loaded TP IOSTargetPlatform
[2016.11.06-12.54.33:810][  0]LogTemp:Display: Loaded TP TVOSTargetPlatform
[2016.11.06-12.54.33:817][  0]LogTemp:Display: Loaded TP LinuxClientTargetPlatform
[2016.11.06-12.54.33:823][  0]LogTemp:Display: Loaded TP LinuxNoEditorTargetPlatform
[2016.11.06-12.54.33:830][  0]LogTemp:Display: Loaded TP LinuxServerTargetPlatform
[2016.11.06-12.54.33:839][  0]LogTemp:Display: Loaded TP LinuxTargetPlatform
[2016.11.06-12.54.33:839][  0]LogTargetPlatformManager:Display: Building Assets For Windows
[2016.11.06-12.54.33:995][  0]LogDerivedDataCache:Display: Max Cache Size: 512 MB
[2016.11.06-12.54.34:193][  0]LogDerivedDataCache: Loaded boot cache 0.20s 62MB C:/Users/Erinexx/AppData/Local/UnrealEngine/4.13/DerivedDataCache/Boot.ddc.
[2016.11.06-12.54.34:193][  0]LogDerivedDataCache:Display: Loaded Boot cache: C:/Users/Erinexx/AppData/Local/UnrealEngine/4.13/DerivedDataCache/Boot.ddc
[2016.11.06-12.54.34:193][  0]LogDerivedDataCache: FDerivedDataBackendGraph:  Pak pak cache file E:/Users/Erinexx/Documents/GitHub/StaticVoidVR/ue4/StaticVoid/DerivedDataCache/DDC.ddp not found, will not use a pak cache.
[2016.11.06-12.54.34:193][  0]LogDerivedDataCache: Unable to find inner node Pak for hierarchical cache Hierarchy.
[2016.11.06-12.54.34:193][  0]LogDerivedDataCache: FDerivedDataBackendGraph:  CompressedPak pak cache file E:/Users/Erinexx/Documents/GitHub/StaticVoidVR/ue4/StaticVoid/DerivedDataCache/Compressed.ddp not found, will not use a pak cache.
[2016.11.06-12.54.34:193][  0]LogDerivedDataCache: Unable to find inner node CompressedPak for hierarchical cache Hierarchy.
[2016.11.06-12.54.34:210][  0]LogDerivedDataCache:Display: Pak cache opened for reading ../../../Engine/DerivedDataCache/Compressed.ddp.
[2016.11.06-12.54.34:222][  0]LogDerivedDataCache: Using Local data cache path C:/Users/Erinexx/AppData/Local/UnrealEngine/Common/DerivedDataCache: Writable
[2016.11.06-12.54.34:931][  0]LogInit: Selected Device Profile: [Windows]
[2016.11.06-12.54.34:946][  0]LogContentStreaming: Texture pool size is 0.00 MB
[2016.11.06-12.54.35:043][  0]LogMeshUtilities: No automatic mesh reduction module available
[2016.11.06-12.54.35:043][  0]LogMeshUtilities: No automatic mesh merging module available
[2016.11.06-12.54.35:043][  0]LogMeshUtilities: No distributed automatic mesh merging module available
[2016.11.06-12.54.35:223][  0]LogMaterial: Uniform references updated for custom material expression Custom.
[2016.11.06-12.54.35:665][  0]LogNetVersion: GetLocalNetworkVersion: CL: 3106830, ProjectName: staticvoid, ProjectVersion: , EngineNetworkVersion: 1, GameNetworkVersion: 0, NetworkChecksum: 3222468558
[2016.11.06-12.54.35:720][  0]LogAssetRegistry: FAssetRegistry took 0.0283 seconds to start up
[2016.11.06-12.54.35:743][  0]LogPackageLocalizationCache: Processed 3 localized package path(s) for 2 prioritized culture(s) in 0.019009 seconds
[2016.11.06-12.54.35:748][  0]LogUObjectArray: 29778 objects as part of root set at end of initial load.
[2016.11.06-12.54.35:748][  0]LogUObjectAllocator: 6125448 out of 0 bytes used by permanent object pool.
[2016.11.06-12.54.35:748][  0]LogUObjectArray: CloseDisregardForGC: 0/0 objects in disregard for GC pool
[2016.11.06-12.54.35:756][  0]LogInit: WinSock: version 1.1 (2.2), MaxSocks=32767, MaxUdp=65467
[2016.11.06-12.54.36:311][  0]LogSlate: SlateFontCache - WITH_FREETYPE: 1, WITH_HARFBUZZ: 1
[2016.11.06-12.54.36:311][  0]LogSlate: SlateFontCache - WITH_FREETYPE: 1, WITH_HARFBUZZ: 1
[2016.11.06-12.54.38:479][  0]LogTcpMessaging: Initializing TcpMessaging bridge
[2016.11.06-12.54.38:502][  0]LogUdpMessaging: Initializing bridge on interface 0.0.0.0:0 to multicast group 230.0.0.1:6666.
[2016.11.06-12.54.38:915][  0]SourceControl: Info Source control is disabled
[2016.11.06-12.54.38:916][  0]SourceControl: Info Source control is disabled
[2016.11.06-12.54.38:942][  0]SourceControl: Info Source control is disabled
[2016.11.06-12.54.38:957][  0]SourceControl: Info Source control is disabled
[2016.11.06-12.54.39:080][  0]LogLinker:Warning: Can't find file '/Game/Blueprints/FirstPersonOverview'
[2016.11.06-12.54.39:080][  0]LogLinker:Warning: Can't find file '/Game/Blueprints/FirstPersonOverview'
[2016.11.06-12.54.39:080][  0]LogUObjectGlobals:Warning: Failed to find object 'Class /Game/Blueprints/FirstPersonOverview.FirstPersonOverview_C'
[2016.11.06-12.54.39:412][  0]LogEngine: Initializing Engine...
[2016.11.06-12.54.39:672][  0]LogHMD: Failed to initialize OpenVR with code 126
[2016.11.06-12.54.39:865][  0]LogAIModule: Creating AISystem for world Untitled
[2016.11.06-12.54.39:894][  0]LogInit: XAudio2 using 'Speakers (High Definition Audio Device)' : 2 channels at 44.1 kHz using 16 bits per sample (channel mask 0x3)
[2016.11.06-12.54.39:914][  0]LogInit: FAudioDevice initialized.
[2016.11.06-12.54.39:942][  0]LogDerivedDataCache: Saved boot cache 0.03s 62MB C:/Users/Erinexx/AppData/Local/UnrealEngine/4.13/DerivedDataCache/Boot.ddc.
[2016.11.06-12.54.39:947][  0]LogInit: Texture streaming: Enabled
[2016.11.06-12.54.40:015][  0]LogInit: Transaction tracking system initialized
[2016.11.06-12.54.40:077][  0]BlueprintLog: New page: Editor Load
[2016.11.06-12.54.40:295][  0]LocalizationService: Info Localization service is disabled
[2016.11.06-12.54.40:455][  0]LogConsoleResponse:Display: 
[2016.11.06-12.54.40:629][  0]LogFileCache: Scanning file cache for directory 'E:/Users/Erinexx/Documents/GitHub/StaticVoidVR/ue4/StaticVoid/Content/' took 0.01s
[2016.11.06-12.54.40:629][  0]LogCook:Display: Max memory allowance for cook 16384mb min free memory 0mb
[2016.11.06-12.54.40:629][  0]LogCook:Display: Mobile HDR setting 1
[2016.11.06-12.54.40:871][  0]SourceControl: Info Source control is disabled
[2016.11.06-12.54.40:872][  0]Cmd: MAP LOAD FILE="E:/Users/Erinexx/Documents/GitHub/StaticVoidVR/ue4/StaticVoid/Content/Maps/LV_Test.umap" TEMPLATE=0 SHOWPROGRESS=1 FEATURELEVEL=3
[2016.11.06-12.54.40:873][  0]LightingResults: New page: Lighting Build
[2016.11.06-12.54.40:883][  0]MapCheck: New page: Map Check
[2016.11.06-12.54.40:883][  0]LightingResults: New page: Lighting Build
[2016.11.06-12.54.40:990][  0]LogAIModule: Creating AISystem for world LV_Test
[2016.11.06-12.54.41:016][  0]LogEditorServer: Finished looking for orphan Actors (0.000 secs)
[2016.11.06-12.54.41:018][  0]Cmd: MAP CHECKDEP NOCLEARLOG
[2016.11.06-12.54.41:045][  0]MapCheck: Info Map check complete: 0 Error(s), 0 Warning(s), took 27.206ms to complete.
[2016.11.06-12.54.41:045][  0]LogFileHelpers: Loading map 'LV_Test' took 0.174
[2016.11.06-12.54.41:220][  0]LogCollectionManager: Loaded 0 collections in 0.001603 seconds
[2016.11.06-12.54.41:289][  0]LogFileCache: Scanning file cache for directory 'E:/Users/Erinexx/Documents/GitHub/StaticVoidVR/ue4/StaticVoid/Saved/Collections/' took 0.01s
[2016.11.06-12.54.41:289][  0]LogFileCache: Scanning file cache for directory 'E:/Users/Erinexx/Documents/GitHub/StaticVoidVR/ue4/StaticVoid/Content/Developers/Erinexx/Collections/' took 0.01s
[2016.11.06-12.54.41:289][  0]LogFileCache: Scanning file cache for directory 'E:/Users/Erinexx/Documents/GitHub/StaticVoidVR/ue4/StaticVoid/Content/Collections/' took 0.01s
[2016.11.06-12.54.41:289][  0]LogCollectionManager: Rebuilt the GUID cache for 0 collections in 0.000002 seconds
[2016.11.06-12.54.41:308][  0]LogContentBrowser: Native class hierarchy populated in 0.0107 seconds. Added 2141 classes and 415 folders.
[2016.11.06-12.54.41:315][  0]LogStats: UGameplayTagsManager::ConstructGameplayTagTree: Construct from data asset -  0.000 s
[2016.11.06-12.54.41:315][  0]LogStats: UGameplayTagsManager::ConstructGameplayTagTree: GameplayTagTreeChangedEvent.Broadcast -  0.000 s
[2016.11.06-12.54.41:316][  0]LogContentBrowser: Native class hierarchy updated for 'GameplayTags' in 0.0004 seconds. Added 12 classes and 0 folders.
[2016.11.06-12.54.41:322][  0]LogContentBrowser: Native class hierarchy updated for 'WidgetCarousel' in 0.0003 seconds. Added 0 classes and 0 folders.
[2016.11.06-12.54.41:466][  0]LogContentBrowser: Native class hierarchy updated for 'AddContentDialog' in 0.0003 seconds. Added 0 classes and 0 folders.
[2016.11.06-12.54.41:480][  0]LogContentBrowser: Native class hierarchy updated for 'SceneOutliner' in 0.0004 seconds. Added 1 classes and 2 folders.
[2016.11.06-12.54.41:622][  0]LogCrashTracker: Crashtracker disabled due to settings.
[2016.11.06-12.54.41:636][  0]LogUObjectGlobals:Warning: Failed to find object 'Class None.'
[2016.11.06-12.54.41:670][  0]LogContentBrowser: Native class hierarchy updated for 'HierarchicalLODOutliner' in 0.0004 seconds. Added 1 classes and 2 folders.
[2016.11.06-12.54.41:670][  0]LogLoad: (Engine Initialization) Total time: 11.88 seconds
[2016.11.06-12.54.41:670][  0]LogLoad: (Engine Initialization) Total Blueprint compile time: 0.06 seconds
[2016.11.06-12.54.41:670][  0]LogExternalProfiler: Found external profiler: VSPerf
[2016.11.06-12.54.41:670][  0]LogExternalProfiler: Using external profiler: VSPerf
[2016.11.06-12.54.42:011][  0]LogOcInput: OculusInput pre-init called
[2016.11.06-12.54.42:033][  0]LogContentStreaming: Texture pool size now 1000 MB
[2016.11.06-12.54.42:225][  1]LogRenderer: Reallocating scene render targets to support 792x364 (Frame:2).
[2016.11.06-12.54.42:349][  1]LogAssetRegistry: Asset discovery search completed in 6.6526 seconds
[2016.11.06-12.54.42:349][  1]LogCollectionManager: Rebuilt the object cache for 0 collections in 0.000000 seconds (found 0 objects)
[2016.11.06-12.54.42:349][  1]LogCollectionManager: Fixed up redirectors for 0 collections in 0.000016 seconds (updated 0 objects)
[2016.11.06-12.54.46:593][231]LogRenderer: Reallocating scene render targets to support 1156x556 (Frame:214).
[2016.11.06-12.56.51:941][472]SourceControl: Info On branch master
[2016.11.06-12.56.51:941][472]SourceControl: Info Your branch is up-to-date with 'origin/master'.
[2016.11.06-12.56.51:941][472]SourceControl: Info Changes not staged for commit:
[2016.11.06-12.56.51:941][472]SourceControl: Info   (use "git add <file>..." to update what will be committed)
[2016.11.06-12.56.51:941][472]SourceControl: Info   (use "git checkout -- <file>..." to discard changes in working directory)
[2016.11.06-12.56.51:941][472]SourceControl: Info 	modified:   ue4/StaticVoid/Saved/Config/Windows/Editor.ini
[2016.11.06-12.56.51:941][472]SourceControl: Info 	modified:   ue4/StaticVoid/Saved/Config/Windows/EditorPerProjectUserSettings.ini
[2016.11.06-12.56.51:941][472]SourceControl: Info 	modified:   ue4/StaticVoid/Saved/Config/Windows/Engine.ini
[2016.11.06-12.56.51:941][472]SourceControl: Info 	modified:   ue4/StaticVoid/Saved/Logs/StaticVoid.log
[2016.11.06-12.56.51:941][472]SourceControl: Info Untracked files:
[2016.11.06-12.56.51:941][472]SourceControl: Info   (use "git add <file>..." to include in what will be committed)
[2016.11.06-12.56.51:941][472]SourceControl: Info 	ue4/StaticVoid/Saved/Logs/StaticVoid-backup-2016.11.06-12.54.31.log
[2016.11.06-12.56.51:941][472]SourceControl: Info 	ue4/StaticVoid/Saved/Logs/UE4CC-Windows-450EA47F455DF5EC9DFF4597206468E4/
[2016.11.06-12.56.51:941][472]SourceControl: Info no changes added to commit (use "git add" and/or "git commit -a")
[2016.11.06-13.03.51:555][810]LogContentBrowser: Native class hierarchy updated for 'BlueprintGraph' in 0.0007 seconds. Added 112 classes and 0 folders.
[2016.11.06-13.08.08:190][384]LogRenderer: Reallocating scene render targets to support 1156x696 (Frame:9261).
[2016.11.06-13.10.58:821][812]BlueprintLog: New page: Compile BP_UnitParent
[2016.11.06-13.11.12:004][202]Cmd: OBJ SAVEPACKAGE PACKAGE="/Game/Maps/LV_Test" FILE="E:/Users/Erinexx/Documents/GitHub/StaticVoidVR/ue4/StaticVoid/Content/Maps/LV_Test.umap" SILENT=true AUTOSAVING=false KEEPDIRTY=false
[2016.11.06-13.11.12:028][202]LogSavePackage: Save=13.23ms
[2016.11.06-13.11.12:028][202]LogSavePackage: Moving 'E:/Users/Erinexx/Documents/GitHub/StaticVoidVR/ue4/StaticVoid/Saved/LV_Test269D33974311D4DAEBE011AFE8778DEF.tmp' to 'E:/Users/Erinexx/Documents/GitHub/StaticVoidVR/ue4/StaticVoid/Content/Maps/LV_Test.umap'
[2016.11.06-13.11.12:030][202]LogSavePackage:Display: Finished SavePackage E:/Users/Erinexx/Documents/GitHub/StaticVoidVR/ue4/StaticVoid/Content/Maps/LV_Test.umap
[2016.11.06-13.11.12:043][202]LogFileHelpers: Saving map 'LV_Test' took 0.075
[2016.11.06-13.11.12:060][202]LogSavePackage: Save=13.30ms
[2016.11.06-13.11.12:060][202]LogSavePackage: Moving 'E:/Users/Erinexx/Documents/GitHub/StaticVoidVR/ue4/StaticVoid/Saved/BP_UnitParentE78299AC49285260906CE2A74F6B5332.tmp' to 'E:/Users/Erinexx/Documents/GitHub/StaticVoidVR/ue4/StaticVoid/Content/Blueprints/Entities/Units/BP_UnitParent.uasset'
[2016.11.06-13.11.12:062][202]LogSavePackage:Display: Finished SavePackage E:/Users/Erinexx/Documents/GitHub/StaticVoidVR/ue4/StaticVoid/Content/Blueprints/Entities/Units/BP_UnitParent.uasset
[2016.11.06-13.11.14:952][539]Cmd: OBJ SAVEPACKAGE PACKAGE="/Game/Maps/LV_Test" FILE="E:/Users/Erinexx/Documents/GitHub/StaticVoidVR/ue4/StaticVoid/Content/Maps/LV_Test.umap" SILENT=true AUTOSAVING=false KEEPDIRTY=false
[2016.11.06-13.11.14:973][539]LogSavePackage: Save=11.11ms
[2016.11.06-13.11.14:973][539]LogSavePackage: Moving 'E:/Users/Erinexx/Documents/GitHub/StaticVoidVR/ue4/StaticVoid/Saved/LV_Test1156C3A44ED6088342E6D7B5C8A53217.tmp' to 'E:/Users/Erinexx/Documents/GitHub/StaticVoidVR/ue4/StaticVoid/Content/Maps/LV_Test.umap'
[2016.11.06-13.11.14:974][539]LogSavePackage:Display: Finished SavePackage E:/Users/Erinexx/Documents/GitHub/StaticVoidVR/ue4/StaticVoid/Content/Maps/LV_Test.umap
[2016.11.06-13.11.17:624][854]SourceControl: Info fatal: C:/Program Files (x86)/Epic Games/4.13/Engine/Content/: 'C:/Program Files (x86)/Epic Games/4.13/Engine/Content/' is outside repository
[2016.11.06-13.12.06:766][854]LogSourceControl: FGitCheckInWorker: commit successful
[2016.11.06-13.12.06:843][854]SourceControl: Info [master 533afd0] made BP_UnitParent staticmeshcomponent scene root
[2016.11.06-13.12.06:843][854]SourceControl: Info  2 files changed, 0 insertions(+), 0 deletions(-)
[2016.11.06-13.12.06:843][854]SourceControl: Info  rewrite ue4/StaticVoid/Content/Blueprints/Entities/Units/BP_UnitParent.uasset (66%)
[2016.11.06-13.12.06:846][854]SourceControl: Info Commited [master 533afd0] made BP_UnitParent staticmeshcomponent scene root.
[2016.11.06-14.53.00:241][487]SourceControl: Info fatal: C:/Program Files (x86)/Epic Games/4.13/Engine/Content/: 'C:/Program Files (x86)/Epic Games/4.13/Engine/Content/' is outside repository
[2016.11.06-14.53.36:025][316]SourceControl: Info On branch master
[2016.11.06-14.53.36:025][316]SourceControl: Info Your branch is ahead of 'origin/master' by 1 commit.
[2016.11.06-14.53.36:025][316]SourceControl: Info   (use "git push" to publish your local commits)
[2016.11.06-14.53.36:025][316]SourceControl: Info Changes not staged for commit:
[2016.11.06-14.53.36:025][316]SourceControl: Info   (use "git add <file>..." to update what will be committed)
[2016.11.06-14.53.36:025][316]SourceControl: Info   (use "git checkout -- <file>..." to discard changes in working directory)
[2016.11.06-14.53.36:025][316]SourceControl: Info 	modified:   ue4/StaticVoid/Saved/Autosaves/PackageRestoreData.json
[2016.11.06-14.53.36:025][316]SourceControl: Info 	modified:   ue4/StaticVoid/Saved/Config/Windows/Editor.ini
[2016.11.06-14.53.36:025][316]SourceControl: Info 	modified:   ue4/StaticVoid/Saved/Config/Windows/EditorPerProjectUserSettings.ini
[2016.11.06-14.53.36:025][316]SourceControl: Info 	modified:   ue4/StaticVoid/Saved/Config/Windows/Engine.ini
[2016.11.06-14.53.36:025][316]SourceControl: Info 	modified:   ue4/StaticVoid/Saved/Logs/StaticVoid.log
[2016.11.06-14.53.36:025][316]SourceControl: Info Untracked files:
[2016.11.06-14.53.36:025][316]SourceControl: Info   (use "git add <file>..." to include in what will be committed)
[2016.11.06-14.53.36:025][316]SourceControl: Info 	ue4/StaticVoid/Saved/Backup/BP_UnitParent_2016-11-06-13-11-12.uasset
[2016.11.06-14.53.36:025][316]SourceControl: Info 	ue4/StaticVoid/Saved/Backup/LV_Test_2016-11-06-13-11-12.umap
[2016.11.06-14.53.36:025][316]SourceControl: Info 	ue4/StaticVoid/Saved/Logs/StaticVoid-backup-2016.11.06-12.54.31.log
[2016.11.06-14.53.36:025][316]SourceControl: Info 	ue4/StaticVoid/Saved/Logs/UE4CC-Windows-450EA47F455DF5EC9DFF4597206468E4/
[2016.11.06-14.53.36:025][316]SourceControl: Info no changes added to commit (use "git add" and/or "git commit -a")
[2016.11.06-15.01.22:549][764]SourceControl: Info On branch master
[2016.11.06-15.01.22:549][764]SourceControl: Info Your branch is up-to-date with 'origin/master'.
[2016.11.06-15.01.22:549][764]SourceControl: Info Changes not staged for commit:
[2016.11.06-15.01.22:549][764]SourceControl: Info   (use "git add <file>..." to update what will be committed)
[2016.11.06-15.01.22:549][764]SourceControl: Info   (use "git checkout -- <file>..." to discard changes in working directory)
[2016.11.06-15.01.22:549][764]SourceControl: Info 	modified:   ue4/StaticVoid/Saved/Autosaves/PackageRestoreData.json
[2016.11.06-15.01.22:549][764]SourceControl: Info 	modified:   ue4/StaticVoid/Saved/Config/Windows/Editor.ini
[2016.11.06-15.01.22:549][764]SourceControl: Info 	modified:   ue4/StaticVoid/Saved/Config/Windows/EditorPerProjectUserSettings.ini
[2016.11.06-15.01.22:549][764]SourceControl: Info 	modified:   ue4/StaticVoid/Saved/Config/Windows/Engine.ini
[2016.11.06-15.01.22:549][764]SourceControl: Info 	modified:   ue4/StaticVoid/Saved/Logs/StaticVoid.log
[2016.11.06-15.01.22:549][764]SourceControl: Info Untracked files:
[2016.11.06-15.01.22:549][764]SourceControl: Info   (use "git add <file>..." to include in what will be committed)
[2016.11.06-15.01.22:549][764]SourceControl: Info 	ue4/StaticVoid/Saved/Backup/BP_UnitParent_2016-11-06-13-11-12.uasset
[2016.11.06-15.01.22:549][764]SourceControl: Info 	ue4/StaticVoid/Saved/Backup/LV_Test_2016-11-06-13-11-12.umap
[2016.11.06-15.01.22:549][764]SourceControl: Info 	ue4/StaticVoid/Saved/Logs/StaticVoid-backup-2016.11.06-12.54.31.log
[2016.11.06-15.01.22:549][764]SourceControl: Info 	ue4/StaticVoid/Saved/Logs/UE4CC-Windows-450EA47F455DF5EC9DFF4597206468E4/
[2016.11.06-15.01.22:549][764]SourceControl: Info no changes added to commit (use "git add" and/or "git commit -a")
[2016.11.06-15.34.36:673][298]SourceControl: Info On branch master
[2016.11.06-15.34.36:673][298]SourceControl: Info Your branch is up-to-date with 'origin/master'.
[2016.11.06-15.34.36:673][298]SourceControl: Info Changes not staged for commit:
[2016.11.06-15.34.36:674][298]SourceControl: Info   (use "git add <file>..." to update what will be committed)
[2016.11.06-15.34.36:674][298]SourceControl: Info   (use "git checkout -- <file>..." to discard changes in working directory)
[2016.11.06-15.34.36:674][298]SourceControl: Info 	modified:   ue4/StaticVoid/Saved/Autosaves/PackageRestoreData.json
[2016.11.06-15.34.36:674][298]SourceControl: Info 	modified:   ue4/StaticVoid/Saved/Config/Windows/Editor.ini
[2016.11.06-15.34.36:674][298]SourceControl: Info 	modified:   ue4/StaticVoid/Saved/Config/Windows/EditorPerProjectUserSettings.ini
[2016.11.06-15.34.36:674][298]SourceControl: Info 	modified:   ue4/StaticVoid/Saved/Config/Windows/Engine.ini
[2016.11.06-15.34.36:674][298]SourceControl: Info 	modified:   ue4/StaticVoid/Saved/Logs/StaticVoid.log
[2016.11.06-15.34.36:674][298]SourceControl: Info Untracked files:
[2016.11.06-15.34.36:674][298]SourceControl: Info   (use "git add <file>..." to include in what will be committed)
[2016.11.06-15.34.36:674][298]SourceControl: Info 	ue4/StaticVoid/Saved/Backup/BP_UnitParent_2016-11-06-13-11-12.uasset
[2016.11.06-15.34.36:674][298]SourceControl: Info 	ue4/StaticVoid/Saved/Backup/LV_Test_2016-11-06-13-11-12.umap
[2016.11.06-15.34.36:674][298]SourceControl: Info 	ue4/StaticVoid/Saved/Logs/StaticVoid-backup-2016.11.06-12.54.31.log
[2016.11.06-15.34.36:674][298]SourceControl: Info 	ue4/StaticVoid/Saved/Logs/UE4CC-Windows-450EA47F455DF5EC9DFF4597206468E4/
[2016.11.06-15.34.36:674][298]SourceControl: Info no changes added to commit (use "git add" and/or "git commit -a")
[2016.11.06-15.35.10:031][702]SourceControl: Info On branch master
[2016.11.06-15.35.10:031][702]SourceControl: Info Your branch is up-to-date with 'origin/master'.
[2016.11.06-15.35.10:031][702]SourceControl: Info Changes not staged for commit:
[2016.11.06-15.35.10:031][702]SourceControl: Info   (use "git add <file>..." to update what will be committed)
[2016.11.06-15.35.10:031][702]SourceControl: Info   (use "git checkout -- <file>..." to discard changes in working directory)
[2016.11.06-15.35.10:031][702]SourceControl: Info 	modified:   ue4/StaticVoid/Saved/Autosaves/PackageRestoreData.json
[2016.11.06-15.35.10:031][702]SourceControl: Info 	modified:   ue4/StaticVoid/Saved/Config/Windows/Editor.ini
[2016.11.06-15.35.10:031][702]SourceControl: Info 	modified:   ue4/StaticVoid/Saved/Config/Windows/EditorPerProjectUserSettings.ini
[2016.11.06-15.35.10:031][702]SourceControl: Info 	modified:   ue4/StaticVoid/Saved/Config/Windows/Engine.ini
[2016.11.06-15.35.10:031][702]SourceControl: Info 	modified:   ue4/StaticVoid/Saved/Logs/StaticVoid.log
[2016.11.06-15.35.10:031][702]SourceControl: Info Untracked files:
[2016.11.06-15.35.10:031][702]SourceControl: Info   (use "git add <file>..." to include in what will be committed)
[2016.11.06-15.35.10:031][702]SourceControl: Info 	ue4/StaticVoid/Saved/Backup/BP_UnitParent_2016-11-06-13-11-12.uasset
[2016.11.06-15.35.10:031][702]SourceControl: Info 	ue4/StaticVoid/Saved/Backup/LV_Test_2016-11-06-13-11-12.umap
[2016.11.06-15.35.10:031][702]SourceControl: Info 	ue4/StaticVoid/Saved/Logs/StaticVoid-backup-2016.11.06-12.54.31.log
[2016.11.06-15.35.10:031][702]SourceControl: Info 	ue4/StaticVoid/Saved/Logs/UE4CC-Windows-450EA47F455DF5EC9DFF4597206468E4/
[2016.11.06-15.35.10:031][702]SourceControl: Info no changes added to commit (use "git add" and/or "git commit -a")
[2016.11.06-16.11.09:433][459]LogActorFactory: Actor Factory created controller_100000
[2016.11.06-16.11.09:928][518]LogActorFactory: Actor Factory created controller_100000
[2016.11.06-16.11.33:993][361]Cmd: DELETE
[2016.11.06-16.11.33:993][361]Cmd: ACTOR DELETE
[2016.11.06-16.11.33:995][361]LogEditorActor: Deleted Actor: StaticMeshActor
[2016.11.06-16.11.34:010][361]LogEditorActor: Deleted 1 Actors (0.015 secs)
[2016.11.06-16.11.37:556][769]Cmd: OBJ SAVEPACKAGE PACKAGE="/Game/Maps/LV_Test" FILE="E:/Users/Erinexx/Documents/GitHub/StaticVoidVR/ue4/StaticVoid/Content/Maps/LV_Test.umap" SILENT=true AUTOSAVING=false KEEPDIRTY=false
[2016.11.06-16.11.37:579][769]LogSavePackage: Save=11.50ms
[2016.11.06-16.11.37:579][769]LogSavePackage: Moving 'E:/Users/Erinexx/Documents/GitHub/StaticVoidVR/ue4/StaticVoid/Saved/LV_TestEE4E90084C8DB0E5D41161B21A4683F0.tmp' to 'E:/Users/Erinexx/Documents/GitHub/StaticVoidVR/ue4/StaticVoid/Content/Maps/LV_Test.umap'
[2016.11.06-16.11.37:581][769]LogSavePackage:Display: Finished SavePackage E:/Users/Erinexx/Documents/GitHub/StaticVoidVR/ue4/StaticVoid/Content/Maps/LV_Test.umap
[2016.11.06-16.11.37:594][769]LogFileHelpers: Saving map 'LV_Test' took 0.068
[2016.11.06-16.11.38:921][928]Cmd: SELECT NONE
[2016.11.06-20.03.19:607][537]LogWindowsTextInputMethodSystem:Display: IME system now deactivated.
[2016.11.06-20.03.19:607][537]LogWindowsTextInputMethodSystem:Display: IME system now deactivated.
[2016.11.06-20.03.19:777][538]Cmd: QUIT_EDITOR
[2016.11.06-20.03.19:823][538]LogExit: Preparing to exit.
[2016.11.06-20.03.20:115][538]LogActorComponent: UnregisterComponent: (None.None) Not registered. Aborting.
[2016.11.06-20.03.20:147][538]LogExit: Editor shut down
[2016.11.06-20.03.20:147][538]LogExit: Transaction tracking system shut down
[2016.11.06-20.03.20:276][538]LogObj: Freed 0b from 0 cluster array pools.
[2016.11.06-20.03.20:276][538]LogExit: Object subsystem successfully closed.
[2016.11.06-20.03.20:289][538]LogD3D11RHI: Shutdown
[2016.11.06-20.03.20:289][538]LogD3D11RHI: CleanupD3DDevice
[2016.11.06-20.03.20:364][538]LogD3D11RHI: ~FD3D11DynamicRHI
[2016.11.06-20.03.20:384][538]LogModuleManager: Shutting down and abandoning module BlueprintGraph (236)
[2016.11.06-20.03.20:384][538]LogModuleManager: Shutting down and abandoning module BlueprintProfiler (235)
[2016.11.06-20.03.20:386][538]LogModuleManager: Shutting down and abandoning module ExternalImagePicker (234)
[2016.11.06-20.03.20:386][538]LogModuleManager: Shutting down and abandoning module HierarchicalLODOutliner (233)
[2016.11.06-20.03.20:387][538]LogModuleManager: Shutting down and abandoning module CrashTracker (232)
[2016.11.06-20.03.20:387][538]LogModuleManager: Shutting down and abandoning module SceneOutliner (231)
[2016.11.06-20.03.20:387][538]LogModuleManager: Shutting down and abandoning module WidgetCarousel (230)
[2016.11.06-20.03.20:387][538]LogModuleManager: Shutting down and abandoning module AddContentDialog (229)
[2016.11.06-20.03.20:387][538]LogDirectoryWatcher: A directory notification for 'C:/Program Files (x86)/Epic Games/4.13/FeaturePacks/' was aborted.
[2016.11.06-20.03.20:388][538]LogModuleManager: Shutting down and abandoning module GameplayTags (228)
[2016.11.06-20.03.20:388][538]LogModuleManager: Shutting down and abandoning module EditorWidgets (227)
[2016.11.06-20.03.20:388][538]LogModuleManager: Shutting down and abandoning module CollectionManager (226)
[2016.11.06-20.03.20:388][538]LogDirectoryWatcher: A directory notification for 'E:/Users/Erinexx/Documents/GitHub/StaticVoidVR/ue4/StaticVoid/Content/Collections/' was aborted.
[2016.11.06-20.03.20:388][538]LogDirectoryWatcher: A directory notification for 'E:/Users/Erinexx/Documents/GitHub/StaticVoidVR/ue4/StaticVoid/Content/Developers/Erinexx/Collections/' was aborted.
[2016.11.06-20.03.20:388][538]LogDirectoryWatcher: A directory notification for 'E:/Users/Erinexx/Documents/GitHub/StaticVoidVR/ue4/StaticVoid/Saved/Collections/' was aborted.
[2016.11.06-20.03.20:389][538]LogModuleManager: Shutting down and abandoning module StatsViewer (225)
[2016.11.06-20.03.20:389][538]LogModuleManager: Shutting down and abandoning module FoliageEdit (224)
[2016.11.06-20.03.20:389][538]LogModuleManager: Shutting down and abandoning module LandscapeEditor (223)
[2016.11.06-20.03.20:390][538]LogModuleManager: Shutting down and abandoning module SceneDepthPickerMode (222)
[2016.11.06-20.03.20:390][538]LogModuleManager: Shutting down and abandoning module ActorPickerMode (221)
[2016.11.06-20.03.20:390][538]LogModuleManager: Shutting down and abandoning module GeometryMode (220)
[2016.11.06-20.03.20:390][538]LogModuleManager: Shutting down and abandoning module TextureAlignMode (219)
[2016.11.06-20.03.20:390][538]LogModuleManager: Shutting down and abandoning module BspMode (218)
[2016.11.06-20.03.20:390][538]LogModuleManager: Shutting down and abandoning module HardwareSurvey (217)
[2016.11.06-20.03.20:390][538]LogModuleManager: Shutting down and abandoning module SequenceRecorderSections (216)
[2016.11.06-20.03.20:390][538]LogModuleManager: Shutting down and abandoning module SequenceRecorder (215)
[2016.11.06-20.03.20:390][538]LogModuleManager: Shutting down and abandoning module AutomationWorker (214)
[2016.11.06-20.03.20:390][538]LogModuleManager: Shutting down and abandoning module MatineeToLevelSequence (213)
[2016.11.06-20.03.20:390][538]LogModuleManager: Shutting down and abandoning module PlacementMode (212)
[2016.11.06-20.03.20:390][538]LogModuleManager: Shutting down and abandoning module LevelSequenceEditor (211)
[2016.11.06-20.03.20:391][538]LogModuleManager: Shutting down and abandoning module WmfMediaFactory (210)
[2016.11.06-20.03.20:391][538]LogModuleManager: Shutting down and abandoning module WmfMediaEditor (209)
[2016.11.06-20.03.20:391][538]LogModuleManager: Shutting down and abandoning module AvfMediaFactory (208)
[2016.11.06-20.03.20:391][538]LogModuleManager: Shutting down and abandoning module AvfMediaEditor (207)
[2016.11.06-20.03.20:391][538]LogModuleManager: Shutting down and abandoning module Media (206)
[2016.11.06-20.03.20:391][538]LogModuleManager: Shutting down and abandoning module AndroidMediaFactory (205)
[2016.11.06-20.03.20:391][538]LogModuleManager: Shutting down and abandoning module AndroidMediaEditor (204)
[2016.11.06-20.03.20:391][538]LogModuleManager: Shutting down and abandoning module CharacterAI (203)
[2016.11.06-20.03.20:391][538]LogModuleManager: Shutting down and abandoning module SmartSnapping (202)
[2016.11.06-20.03.20:391][538]LogModuleManager: Shutting down and abandoning module SessionServices (201)
[2016.11.06-20.03.20:391][538]LogModuleManager: Shutting down and abandoning module ViewportSnapping (200)
[2016.11.06-20.03.20:391][538]LogModuleManager: Shutting down and abandoning module ViewportInteraction (199)
[2016.11.06-20.03.20:391][538]LogModuleManager: Shutting down and abandoning module LogVisualizer (198)
[2016.11.06-20.03.20:392][538]LogModuleManager: Shutting down and abandoning module GameProjectGeneration (197)
[2016.11.06-20.03.20:392][538]LogModuleManager: Shutting down and abandoning module IntroTutorials (196)
[2016.11.06-20.03.20:393][538]LogModuleManager: Shutting down and abandoning module EditorLiveStreaming (195)
[2016.11.06-20.03.20:393][538]LogModuleManager: Shutting down and abandoning module IOSPlatformEditor (194)
[2016.11.06-20.03.20:393][538]LogModuleManager: Shutting down and abandoning module HTML5PlatformEditor (193)
[2016.11.06-20.03.20:393][538]LogModuleManager: Shutting down and abandoning module AndroidDeviceDetection (192)
[2016.11.06-20.03.20:750][538]LogModuleManager: Shutting down and abandoning module AndroidPlatformEditor (191)
[2016.11.06-20.03.20:750][538]LogModuleManager: Shutting down and abandoning module IOSRuntimeSettings (190)
[2016.11.06-20.03.20:750][538]LogModuleManager: Shutting down and abandoning module AndroidRuntimeSettings (189)
[2016.11.06-20.03.20:750][538]LogModuleManager: Shutting down and abandoning module NiagaraEditor (188)
[2016.11.06-20.03.20:751][538]LogModuleManager: Shutting down and abandoning module MergeActors (187)
[2016.11.06-20.03.20:751][538]LogModuleManager: Shutting down and abandoning module SizeMap (186)
[2016.11.06-20.03.20:751][538]LogModuleManager: Shutting down and abandoning module TreeMap (185)
[2016.11.06-20.03.20:751][538]LogModuleManager: Shutting down and abandoning module ReferenceViewer (184)
[2016.11.06-20.03.20:751][538]LogModuleManager: Shutting down and abandoning module LocalizationService (183)
[2016.11.06-20.03.20:751][538]LogModuleManager: Shutting down and abandoning module LocalizationDashboard (182)
[2016.11.06-20.03.20:752][538]LogModuleManager: Shutting down and abandoning module HardwareTargeting (181)
[2016.11.06-20.03.20:752][538]LogModuleManager: Shutting down and abandoning module DeviceProfileEditor (180)
[2016.11.06-20.03.20:752][538]LogModuleManager: Shutting down and abandoning module UndoHistory (179)
[2016.11.06-20.03.20:752][538]LogModuleManager: Shutting down and abandoning module UserFeedback (178)
[2016.11.06-20.03.20:752][538]LogModuleManager: Shutting down and abandoning module XmlParser (177)
[2016.11.06-20.03.20:752][538]LogModuleManager: Shutting down and abandoning module Blutility (176)
[2016.11.06-20.03.20:752][538]LogModuleManager: Shutting down and abandoning module ProjectTargetPlatformEditor (175)
[2016.11.06-20.03.20:752][538]LogModuleManager: Shutting down and abandoning module ProjectSettingsViewer (174)
[2016.11.06-20.03.20:753][538]LogModuleManager: Shutting down and abandoning module InputBindingEditor (173)
[2016.11.06-20.03.20:753][538]LogModuleManager: Shutting down and abandoning module EditorSettingsViewer (172)
[2016.11.06-20.03.20:753][538]LogModuleManager: Shutting down and abandoning module SettingsEditor (171)
[2016.11.06-20.03.20:753][538]LogModuleManager: Shutting down and abandoning module ProjectLauncher (170)
[2016.11.06-20.03.20:754][538]LogModuleManager: Shutting down and abandoning module SessionFrontend (169)
[2016.11.06-20.03.20:754][538]LogModuleManager: Shutting down and abandoning module ProfilerClient (168)
[2016.11.06-20.03.20:755][538]LogModuleManager: Shutting down and abandoning module TargetDeviceServices (167)
[2016.11.06-20.03.20:755][538]LogModuleManager: Shutting down and abandoning module DeviceManager (166)
[2016.11.06-20.03.20:799][538]LogModuleManager: Shutting down and abandoning module AutomationController (165)
[2016.11.06-20.03.20:799][538]LogModuleManager: Shutting down and abandoning module AutomationWindow (164)
[2016.11.06-20.03.20:801][538]LogModuleManager: Shutting down and abandoning module Layers (163)
[2016.11.06-20.03.20:802][538]LogModuleManager: Shutting down and abandoning module ComponentVisualizers (162)
[2016.11.06-20.03.20:802][538]LogModuleManager: Shutting down and abandoning module DetailCustomizations (161)
[2016.11.06-20.03.20:802][538]LogModuleManager: Shutting down and abandoning module PackagesDialog (160)
[2016.11.06-20.03.20:802][538]LogModuleManager: Shutting down and abandoning module AnimGraph (159)
[2016.11.06-20.03.20:802][538]LogModuleManager: Shutting down and abandoning module Persona (158)
[2016.11.06-20.03.20:804][538]LogModuleManager: Shutting down and abandoning module Kismet (157)
[2016.11.06-20.03.20:807][538]LogModuleManager: Shutting down and abandoning module GraphEditor (156)
[2016.11.06-20.03.20:807][538]LogModuleManager: Shutting down and abandoning module ClassViewer (155)
[2016.11.06-20.03.20:808][538]LogModuleManager: Shutting down and abandoning module Toolbox (154)
[2016.11.06-20.03.20:808][538]LogModuleManager: Shutting down and abandoning module ModuleUI (153)
[2016.11.06-20.03.20:808][538]LogModuleManager: Shutting down and abandoning module MovieSceneTools (152)
[2016.11.06-20.03.20:809][538]LogModuleManager: Shutting down and abandoning module OutputLog (151)
[2016.11.06-20.03.20:809][538]LogModuleManager: Shutting down and abandoning module GammaUI (150)
[2016.11.06-20.03.20:809][538]LogModuleManager: Shutting down and abandoning module Documentation (149)
[2016.11.06-20.03.20:809][538]LogModuleManager: Shutting down and abandoning module Niagara (148)
[2016.11.06-20.03.20:809][538]LogModuleManager: Shutting down and abandoning module StreamingPauseRendering (147)
[2016.11.06-20.03.20:809][538]LogModuleManager: Shutting down and abandoning module AnalyticsET (146)
[2016.11.06-20.03.20:809][538]LogModuleManager: Shutting down and abandoning module PortalServices (145)
[2016.11.06-20.03.20:809][538]LogModuleManager: Shutting down and abandoning module PortalRpc (144)
[2016.11.06-20.03.20:809][538]LogModuleManager: Shutting down and abandoning module MessagingRpc (143)
[2016.11.06-20.03.20:809][538]LogModuleManager: Shutting down and abandoning module GameplayDebugger (142)
[2016.11.06-20.03.20:809][538]LogModuleManager: Shutting down and abandoning module AITestSuite (141)
[2016.11.06-20.03.20:809][538]LogModuleManager: Shutting down and abandoning module AIModule (140)
[2016.11.06-20.03.20:809][538]LogModuleManager: Shutting down and abandoning module ProfilerService (139)
[2016.11.06-20.03.20:849][538]LogModuleManager: Shutting down and abandoning module TaskGraph (138)
[2016.11.06-20.03.20:850][538]LogModuleManager: Shutting down and abandoning module SlateRemote (137)
[2016.11.06-20.03.20:850][538]LogModuleManager: Shutting down and abandoning module SteamVRController (136)
[2016.11.06-20.03.20:850][538]LogModuleManager: Shutting down and abandoning module SteamVR (135)
[2016.11.06-20.03.20:850][538]LogModuleManager: Shutting down and abandoning module ProceduralMeshComponentEditor (134)
[2016.11.06-20.03.20:850][538]LogModuleManager: Shutting down and abandoning module ProceduralMeshComponent (133)
[2016.11.06-20.03.20:850][538]LogModuleManager: Shutting down and abandoning module OculusLibrary (132)
[2016.11.06-20.03.20:850][538]LogModuleManager: Shutting down and abandoning module OculusInput (131)
[2016.11.06-20.03.20:850][538]LogModuleManager: Shutting down and abandoning module CustomMeshComponent (130)
[2016.11.06-20.03.20:850][538]LogModuleManager: Shutting down and abandoning module CableComponent (129)
[2016.11.06-20.03.20:850][538]LogModuleManager: Shutting down and abandoning module ArchVisCharacter (128)
[2016.11.06-20.03.20:850][538]LogModuleManager: Shutting down and abandoning module MediaPlayerEditor (126)
[2016.11.06-20.03.20:851][538]LogModuleManager: Shutting down and abandoning module HTML5Networking (125)
[2016.11.06-20.03.20:851][538]LogModuleManager: Shutting down and abandoning module GeometryCacheEd (124)
[2016.11.06-20.03.20:851][538]LogModuleManager: Shutting down and abandoning module GeometryCache (123)
[2016.11.06-20.03.20:851][538]LogModuleManager: Shutting down and abandoning module AlembicLibrary (122)
[2016.11.06-20.03.20:851][538]LogModuleManager: Shutting down and abandoning module AlembicImporter (121)
[2016.11.06-20.03.20:852][538]LogModuleManager: Shutting down and abandoning module SuperSearch (120)
[2016.11.06-20.03.20:852][538]LogModuleManager: Shutting down and abandoning module SuperSearchEditor (119)
[2016.11.06-20.03.20:852][538]LogModuleManager: Shutting down and abandoning module SpeedTreeImporter (118)
[2016.11.06-20.03.20:852][538]LogModuleManager: Shutting down and abandoning module PluginBrowser (117)
[2016.11.06-20.03.20:852][538]LogModuleManager: Shutting down and abandoning module MobileLauncherProfileWizard (116)
[2016.11.06-20.03.20:852][538]LogModuleManager: Shutting down and abandoning module EpicSurvey (115)
[2016.11.06-20.03.20:852][538]LogModuleManager: Shutting down and abandoning module DesktopPlatform (114)
[2016.11.06-20.03.20:852][538]LogModuleManager: Shutting down and abandoning module VisualStudioSourceCodeAccess (113)
[2016.11.06-20.03.20:852][538]LogModuleManager: Shutting down and abandoning module UObjectPlugin (112)
[2016.11.06-20.03.20:852][538]LogModuleManager: Shutting down and abandoning module SubversionSourceControl (111)
[2016.11.06-20.03.20:853][538]LogModuleManager: Shutting down and abandoning module PerforceSourceControl (110)
[2016.11.06-20.03.20:853][538]LogModuleManager: Shutting down and abandoning module SourceControl (109)
[2016.11.06-20.03.20:853][538]LogModuleManager: Shutting down and abandoning module GitSourceControl (108)
[2016.11.06-20.03.20:853][538]LogModuleManager: Shutting down and abandoning module LightPropagationVolumeEditor (107)
[2016.11.06-20.03.20:853][538]LogModuleManager: Shutting down and abandoning module PaperTiledImporter (106)
[2016.11.06-20.03.20:853][538]LogModuleManager: Shutting down and abandoning module PaperSpriteSheetImporter (105)
[2016.11.06-20.03.20:853][538]LogModuleManager: Shutting down and abandoning module MeshPaint (104)
[2016.11.06-20.03.20:853][538]LogModuleManager: Shutting down and abandoning module FbxAutomationBuilderModule (103)
[2016.11.06-20.03.20:853][538]LogModuleManager: Shutting down and abandoning module PixelInspectorModule (102)
[2016.11.06-20.03.20:853][538]LogModuleManager: Shutting down and abandoning module HotReload (101)
[2016.11.06-20.03.20:853][538]LogModuleManager: Shutting down and abandoning module MainFrame (100)
[2016.11.06-20.03.20:853][538]LogModuleManager: Shutting down and abandoning module LevelEditor (99)
[2016.11.06-20.03.20:854][538]LogModuleManager: Shutting down and abandoning module ContentBrowser (98)
[2016.11.06-20.03.20:854][538]LogModuleManager: Shutting down and abandoning module Paper2DEditor (97)
[2016.11.06-20.03.20:855][538]LogModuleManager: Shutting down and abandoning module UdpMessaging (96)
[2016.11.06-20.03.20:956][538]LogModuleManager: Shutting down and abandoning module TcpMessaging (95)
[2016.11.06-20.03.21:056][538]LogModuleManager: Shutting down and abandoning module LightPropagationVolumeRuntime (94)
[2016.11.06-20.03.21:056][538]LogModuleManager: Shutting down and abandoning module Paper2D (93)
[2016.11.06-20.03.21:056][538]LogModuleManager: Shutting down and abandoning module WindowsMoviePlayer (92)
[2016.11.06-20.03.21:056][538]LogModuleManager: Shutting down and abandoning module WmfMedia (91)
[2016.11.06-20.03.21:057][538]LogModuleManager: Shutting down and abandoning module MediaAssets (90)
[2016.11.06-20.03.21:057][538]LogModuleManager: Shutting down and abandoning module GameLiveStreaming (89)
[2016.11.06-20.03.21:057][538]LogModuleManager: Shutting down and abandoning module GameplayTagsEditor (88)
[2016.11.06-20.03.21:057][538]LogModuleManager: Shutting down and abandoning module VREditor (87)
[2016.11.06-20.03.21:057][538]LogModuleManager: Shutting down and abandoning module GameplayTasksEditor (86)
[2016.11.06-20.03.21:057][538]LogModuleManager: Shutting down and abandoning module PropertyEditor (85)
[2016.11.06-20.03.21:057][538]LogModuleManager: Shutting down and abandoning module BehaviorTreeEditor (84)
[2016.11.06-20.03.21:058][538]LogModuleManager: Shutting down and abandoning module FunctionalTesting (83)
[2016.11.06-20.03.21:058][538]LogModuleManager: Shutting down and abandoning module CollisionAnalyzer (82)
[2016.11.06-20.03.21:059][538]LogModuleManager: Shutting down and abandoning module Sequencer (81)
[2016.11.06-20.03.21:060][538]LogModuleManager: Shutting down and abandoning module WorkspaceMenuStructure (80)
[2016.11.06-20.03.21:060][538]LogModuleManager: Shutting down and abandoning module MessageLog (79)
[2016.11.06-20.03.21:060][538]LogModuleManager: Shutting down and abandoning module AssetTools (78)
[2016.11.06-20.03.21:061][538]LogModuleManager: Shutting down and abandoning module UMGEditor (77)
[2016.11.06-20.03.21:062][538]LogModuleManager: Shutting down and abandoning module UMG (76)
[2016.11.06-20.03.21:063][538]LogModuleManager: Shutting down and abandoning module SlateReflector (75)
[2016.11.06-20.03.21:063][538]LogModuleManager: Shutting down and abandoning module Slate (74)
[2016.11.06-20.03.21:063][538]LogModuleManager: Shutting down and abandoning module EditorStyle (73)
[2016.11.06-20.03.21:065][538]LogModuleManager: Shutting down and abandoning module SourceCodeAccess (72)
[2016.11.06-20.03.21:065][538]LogModuleManager: Shutting down and abandoning module HeadMountedDisplay (71)
[2016.11.06-20.03.21:065][538]LogModuleManager: Shutting down and abandoning module XAudio2 (70)
[2016.11.06-20.03.21:065][538]LogModuleManager: Shutting down and abandoning module Networking (68)
[2016.11.06-20.03.21:065][538]LogModuleManager: Shutting down and abandoning module Core (67)
[2016.11.06-20.03.21:065][538]LogModuleManager: Shutting down and abandoning module DirectoryWatcher (66)
[2016.11.06-20.03.21:065][538]LogDirectoryWatcher: A directory notification for '../../../Engine/Content/' was aborted.
[2016.11.06-20.03.21:066][538]LogDirectoryWatcher: A directory notification for 'E:/Users/Erinexx/Documents/GitHub/StaticVoidVR/ue4/StaticVoid/Content/' was aborted.
[2016.11.06-20.03.21:066][538]LogDirectoryWatcher: A directory notification for '../../../Engine/Plugins/2D/Paper2D/Content/' was aborted.
[2016.11.06-20.03.21:067][538]LogModuleManager: Shutting down and abandoning module AssetRegistry (65)
[2016.11.06-20.03.21:184][538]LogModuleManager: Shutting down and abandoning module KismetCompiler (64)
[2016.11.06-20.03.21:184][538]LogModuleManager: Shutting down and abandoning module PhysXFormats (63)
[2016.11.06-20.03.21:184][538]LogModuleManager: Shutting down and abandoning module MeshUtilities (62)
[2016.11.06-20.03.21:185][538]LogModuleManager: Shutting down and abandoning module DerivedDataCache (61)
[2016.11.06-20.03.21:263][538]LogDerivedDataCache: Shutdown
[2016.11.06-20.03.21:263][538]LogModuleManager: Shutting down and abandoning module VulkanShaderFormat (60)
[2016.11.06-20.03.21:263][538]LogModuleManager: Shutting down and abandoning module ShaderFormatOpenGL (59)
[2016.11.06-20.03.21:264][538]LogModuleManager: Shutting down and abandoning module ShaderFormatD3D (58)
[2016.11.06-20.03.21:264][538]LogModuleManager: Shutting down and abandoning module MetalShaderFormat (57)
[2016.11.06-20.03.21:265][538]LogModuleManager: Shutting down and abandoning module TextureFormatUncompressed (56)
[2016.11.06-20.03.21:265][538]LogModuleManager: Shutting down and abandoning module TextureFormatPVR (55)
[2016.11.06-20.03.21:265][538]LogModuleManager: Shutting down and abandoning module TextureFormatDXT (54)
[2016.11.06-20.03.21:265][538]LogModuleManager: Shutting down and abandoning module TextureFormatIntelISPCTexComp (53)
[2016.11.06-20.03.21:265][538]LogModuleManager: Shutting down and abandoning module ImageWrapper (52)
[2016.11.06-20.03.21:265][538]LogModuleManager: Shutting down and abandoning module TextureFormatASTC (51)
[2016.11.06-20.03.21:265][538]LogModuleManager: Shutting down and abandoning module TextureFormatAndroid (50)
[2016.11.06-20.03.21:265][538]LogModuleManager: Shutting down and abandoning module AudioFormatOpus (49)
[2016.11.06-20.03.21:265][538]LogModuleManager: Shutting down and abandoning module AudioFormatOgg (48)
[2016.11.06-20.03.21:265][538]LogModuleManager: Shutting down and abandoning module AudioFormatADPCM (47)
[2016.11.06-20.03.21:265][538]LogModuleManager: Shutting down and abandoning module LinuxTargetPlatform (46)
[2016.11.06-20.03.21:265][538]LogModuleManager: Shutting down and abandoning module LinuxServerTargetPlatform (45)
[2016.11.06-20.03.21:265][538]LogModuleManager: Shutting down and abandoning module LinuxNoEditorTargetPlatform (44)
[2016.11.06-20.03.21:265][538]LogModuleManager: Shutting down and abandoning module LinuxClientTargetPlatform (43)
[2016.11.06-20.03.21:265][538]LogModuleManager: Shutting down and abandoning module TVOSTargetPlatform (42)
[2016.11.06-20.03.21:265][538]LogModuleManager: Shutting down and abandoning module Messaging (41)
[2016.11.06-20.03.21:265][538]LogModuleManager: Shutting down and abandoning module IOSTargetPlatform (40)
[2016.11.06-20.03.21:265][538]LogModuleManager: Shutting down and abandoning module HTML5TargetPlatform (39)
[2016.11.06-20.03.21:265][538]LogModuleManager: Shutting down and abandoning module Android_PVRTCTargetPlatform (38)
[2016.11.06-20.03.21:265][538]LogModuleManager: Shutting down and abandoning module Android_MultiTargetPlatform (37)
[2016.11.06-20.03.21:265][538]LogModuleManager: Shutting down and abandoning module Android_ETC2TargetPlatform (36)
[2016.11.06-20.03.21:265][538]LogModuleManager: Shutting down and abandoning module Android_ETC1TargetPlatform (35)
[2016.11.06-20.03.21:265][538]LogModuleManager: Shutting down and abandoning module Android_DXTTargetPlatform (34)
[2016.11.06-20.03.21:265][538]LogModuleManager: Shutting down and abandoning module Android_ATCTargetPlatform (33)
[2016.11.06-20.03.21:265][538]LogModuleManager: Shutting down and abandoning module Android_ASTCTargetPlatform (32)
[2016.11.06-20.03.21:265][538]LogModuleManager: Shutting down and abandoning module AndroidTargetPlatform (31)
[2016.11.06-20.03.21:265][538]LogModuleManager: Shutting down and abandoning module WindowsTargetPlatform (30)
[2016.11.06-20.03.21:265][538]LogModuleManager: Shutting down and abandoning module WindowsServerTargetPlatform (29)
[2016.11.06-20.03.21:265][538]LogModuleManager: Shutting down and abandoning module WindowsNoEditorTargetPlatform (28)
[2016.11.06-20.03.21:265][538]LogModuleManager: Shutting down and abandoning module WindowsClientTargetPlatform (27)
[2016.11.06-20.03.21:265][538]LogModuleManager: Shutting down and abandoning module AllDesktopTargetPlatform (26)
[2016.11.06-20.03.21:265][538]LogModuleManager: Shutting down and abandoning module TargetPlatform (25)
[2016.11.06-20.03.21:265][538]LogModuleManager: Shutting down and abandoning module InputCore (24)
[2016.11.06-20.03.21:265][538]LogModuleManager: Shutting down and abandoning module Settings (23)
[2016.11.06-20.03.21:265][538]LogModuleManager: Shutting down and abandoning module OculusRift (22)
[2016.11.06-20.03.21:265][538]LogModuleManager: Shutting down and abandoning module GearVR (21)
[2016.11.06-20.03.21:265][538]LogModuleManager: Shutting down and abandoning module ExampleDeviceProfileSelector (20)
[2016.11.06-20.03.21:265][538]LogModuleManager: Shutting down and abandoning module OnlineBlueprintSupport (19)
[2016.11.06-20.03.21:265][538]LogModuleManager: Shutting down and abandoning module OnlineSubsystem (17)
[2016.11.06-20.03.21:265][538]LogOnline:Display: Unloading online subsystem: NULL
[2016.11.06-20.03.21:267][538]LogModuleManager: Shutting down and abandoning module HTTP (16)
[2016.11.06-20.03.21:267][538]LogHttp:Display: Http module shutting down, but needs to wait on 1 outstanding Http requests:
[2016.11.06-20.03.21:267][538]LogHttp:Display: 	verb=[POST] url=[https://datarouter.ol.epicgames.com/datarouter/api/v1/public/data?SessionID=%7B935EE9B1-4306-590C-7658-C4B9B15481A5%7D&AppID=UEEditor.Rocket.Release&AppVersion=4.13.1-3142249%2B%2B%2BUE4%2BRelease-4.13&UserID=edf6c2994ab4ecd663ffe9b5011e8d7c%7C3c08101a9e374f0d9347bd6e22d94a49%7C28748f8c-e7be-4a6f-88d3-5cdf8892930b&AppEnvironment=datacollector-binary&UploadType=eteventstream] status=Processing
[2016.11.06-20.03.21:272][538]LogModuleManager: Shutting down and abandoning module XMPP (15)
[2016.11.06-20.03.21:273][538]LogModuleManager: Shutting down and abandoning module TextureCompressor (14)
[2016.11.06-20.03.21:273][538]LogModuleManager: Shutting down and abandoning module ShaderCore (13)
[2016.11.06-20.03.21:273][538]LogModuleManager: Shutting down and abandoning module Landscape (12)
[2016.11.06-20.03.21:273][538]LogModuleManager: Shutting down and abandoning module SlateRHIRenderer (11)
[2016.11.06-20.03.21:277][538]LogModuleManager: Shutting down and abandoning module OpenGLDrv (10)
[2016.11.06-20.03.21:278][538]LogModuleManager: Shutting down and abandoning module D3D11RHI (9)
[2016.11.06-20.03.21:278][538]LogModuleManager: Shutting down and abandoning module AnimGraphRuntime (8)
[2016.11.06-20.03.21:278][538]LogModuleManager: Shutting down and abandoning module Renderer (7)
[2016.11.06-20.03.21:278][538]LogModuleManager: Shutting down and abandoning module Engine (6)
[2016.11.06-20.03.21:278][538]LogModuleManager: Shutting down and abandoning module CoreUObject (5)
[2016.11.06-20.03.21:278][538]LogModuleManager: Shutting down and abandoning module NetworkFile (4)
[2016.11.06-20.03.21:278][538]LogModuleManager: Shutting down and abandoning module StreamingFile (3)
[2016.11.06-20.03.21:278][538]LogModuleManager: Shutting down and abandoning module SandboxFile (2)
[2016.11.06-20.03.21:278][538]LogModuleManager: Shutting down and abandoning module PakFile (1)
[2016.11.06-20.03.21:280][538]LogExit: Exiting.
[2016.11.06-20.03.21:285][538]Log file closed, 11/06/16 20:03:21
