Log file open, 11/03/16 23:40:10
LogInit:Display: Running engine for game: StaticVoid
LogPlatformFile: Not using cached read wrapper
LogInit:Display: RandInit(684447573) SRandInit(684447573).
LogTaskGraph: Started task graph with 5 named threads and 8 total threads with 1 sets of task threads.
LogStats: Stats thread started at 0.071800
LogPluginManager: Loaded Plugin Paper2D, From C:/Program Files (x86)/Epic Games/4.13/Engine/Plugins/2D/Paper2D/Paper2D.uplugin
LogPluginManager: Loaded Plugin LightPropagationVolume, From C:/Program Files (x86)/Epic Games/4.13/Engine/Plugins/Blendables/LightPropagationVolume/LightPropagationVolume.uplugin
LogPluginManager: Loaded Plugin BlankPlugin, From C:/Program Files (x86)/Epic Games/4.13/Engine/Plugins/Developer/BlankPlugin/BlankPlugin.uplugin
LogPluginManager: Loaded Plugin CodeLiteSourceCodeAccess, From C:/Program Files (x86)/Epic Games/4.13/Engine/Plugins/Developer/CodeLiteSourceCodeAccess/CodeLiteSourceCodeAccess.uplugin
LogPluginManager: Loaded Plugin GitSourceControl, From C:/Program Files (x86)/Epic Games/4.13/Engine/Plugins/Developer/GitSourceControl/GitSourceControl.uplugin
LogPluginManager: Loaded Plugin KDevelopSourceCodeAccess, From C:/Program Files (x86)/Epic Games/4.13/Engine/Plugins/Developer/KDevelopSourceCodeAccess/KDevelopSourceCodeAccess.uplugin
LogPluginManager: Loaded Plugin NullSourceCodeAccess, From C:/Program Files (x86)/Epic Games/4.13/Engine/Plugins/Developer/NullSourceCodeAccess/NullSourceCodeAccess.uplugin
LogPluginManager: Loaded Plugin OneSkyLocalizationService, From C:/Program Files (x86)/Epic Games/4.13/Engine/Plugins/Developer/OneSkyLocalizationService/OneSkyLocalizationService.uplugin
LogPluginManager: Loaded Plugin PerforceSourceControl, From C:/Program Files (x86)/Epic Games/4.13/Engine/Plugins/Developer/PerforceSourceControl/PerforceSourceControl.uplugin
LogPluginManager: Loaded Plugin SubversionSourceControl, From C:/Program Files (x86)/Epic Games/4.13/Engine/Plugins/Developer/SubversionSourceControl/SubversionSourceControl.uplugin
LogPluginManager: Loaded Plugin UObjectPlugin, From C:/Program Files (x86)/Epic Games/4.13/Engine/Plugins/Developer/UObjectPlugin/UObjectPlugin.uplugin
LogPluginManager: Loaded Plugin VisualStudioSourceCodeAccess, From C:/Program Files (x86)/Epic Games/4.13/Engine/Plugins/Developer/VisualStudioSourceCodeAccess/VisualStudioSourceCodeAccess.uplugin
LogPluginManager: Loaded Plugin XCodeSourceCodeAccess, From C:/Program Files (x86)/Epic Games/4.13/Engine/Plugins/Developer/XCodeSourceCodeAccess/XCodeSourceCodeAccess.uplugin
LogPluginManager: Loaded Plugin EpicSurvey, From C:/Program Files (x86)/Epic Games/4.13/Engine/Plugins/Editor/EpicSurvey/EpicSurvey.uplugin
LogPluginManager: Loaded Plugin MacGraphicsSwitching, From C:/Program Files (x86)/Epic Games/4.13/Engine/Plugins/Editor/MacGraphicsSwitching/MacGraphicsSwitching.uplugin
LogPluginManager: Loaded Plugin MobileLauncherProfileWizard, From C:/Program Files (x86)/Epic Games/4.13/Engine/Plugins/Editor/MobileLauncherProfileWizard/MobileLauncherProfileWizard.uplugin
LogPluginManager: Loaded Plugin PluginBrowser, From C:/Program Files (x86)/Epic Games/4.13/Engine/Plugins/Editor/PluginBrowser/PluginBrowser.uplugin
LogPluginManager: Loaded Plugin SpeedTreeImporter, From C:/Program Files (x86)/Epic Games/4.13/Engine/Plugins/Editor/SpeedTreeImporter/SpeedTreeImporter.uplugin
LogPluginManager: Loaded Plugin SuperSearchEditor, From C:/Program Files (x86)/Epic Games/4.13/Engine/Plugins/Editor/SuperSearchEditor/SuperSearchEditor.uplugin
LogPluginManager: Loaded Plugin AlembicImporter, From C:/Program Files (x86)/Epic Games/4.13/Engine/Plugins/Experimental/AlembicImporter/AlembicImporter.uplugin
LogPluginManager: Loaded Plugin BlueprintStats, From C:/Program Files (x86)/Epic Games/4.13/Engine/Plugins/Experimental/BlueprintStats/BlueprintStats.uplugin
LogPluginManager: Loaded Plugin CharacterAI, From C:/Program Files (x86)/Epic Games/4.13/Engine/Plugins/Experimental/CharacterAI/CharacterAI.uplugin
LogPluginManager: Loaded Plugin CodeEditor, From C:/Program Files (x86)/Epic Games/4.13/Engine/Plugins/Experimental/CodeEditor/CodeEditor.uplugin
LogPluginManager: Loaded Plugin CodeView, From C:/Program Files (x86)/Epic Games/4.13/Engine/Plugins/Experimental/CodeView/CodeView.uplugin
LogPluginManager: Loaded Plugin HTML5Networking, From C:/Program Files (x86)/Epic Games/4.13/Engine/Plugins/Experimental/HTML5Networking/HTML5Networking.uplugin
LogPluginManager: Loaded Plugin LiveEditor, From C:/Program Files (x86)/Epic Games/4.13/Engine/Plugins/Experimental/LiveEditor/LiveEditor.uplugin
LogPluginManager: Loaded Plugin OSVR, From C:/Program Files (x86)/Epic Games/4.13/Engine/Plugins/Experimental/OSVR/OSVR.uplugin
LogPluginManager: Loaded Plugin Phya, From C:/Program Files (x86)/Epic Games/4.13/Engine/Plugins/Experimental/Phya/Phya.uplugin
LogPluginManager: Loaded Plugin SignificanceManager, From C:/Program Files (x86)/Epic Games/4.13/Engine/Plugins/Experimental/SignificanceManager/SignificanceManager.uplugin
LogPluginManager: Loaded Plugin SimpleHMD, From C:/Program Files (x86)/Epic Games/4.13/Engine/Plugins/Experimental/SimpleHMD/SimpleHMD.uplugin
LogPluginManager: Loaded Plugin StereoPanorama, From C:/Program Files (x86)/Epic Games/4.13/Engine/Plugins/Experimental/StereoPanorama/StereoPanorama.uplugin
LogPluginManager: Loaded Plugin StructBox, From C:/Program Files (x86)/Epic Games/4.13/Engine/Plugins/Experimental/StructBox/StructBox.uplugin
LogPluginManager: Loaded Plugin AndroidMedia, From C:/Program Files (x86)/Epic Games/4.13/Engine/Plugins/Media/AndroidMedia/AndroidMedia.uplugin
LogPluginManager: Loaded Plugin AvfMedia, From C:/Program Files (x86)/Epic Games/4.13/Engine/Plugins/Media/AvfMedia/AvfMedia.uplugin
LogPluginManager: Loaded Plugin MediaPlayerEditor, From C:/Program Files (x86)/Epic Games/4.13/Engine/Plugins/Media/MediaPlayerEditor/MediaPlayerEditor.uplugin
LogPluginManager: Loaded Plugin WmfMedia, From C:/Program Files (x86)/Epic Games/4.13/Engine/Plugins/Media/WmfMedia/WmfMedia.uplugin
LogPluginManager: Loaded Plugin MessagingDebugger, From C:/Program Files (x86)/Epic Games/4.13/Engine/Plugins/Messaging/MessagingDebugger/MessagingDebugger.uplugin
LogPluginManager: Loaded Plugin TcpMessaging, From C:/Program Files (x86)/Epic Games/4.13/Engine/Plugins/Messaging/TcpMessaging/TcpMessaging.uplugin
LogPluginManager: Loaded Plugin UdpMessaging, From C:/Program Files (x86)/Epic Games/4.13/Engine/Plugins/Messaging/UdpMessaging/UdpMessaging.uplugin
LogPluginManager: Loaded Plugin LevelSequenceEditor, From C:/Program Files (x86)/Epic Games/4.13/Engine/Plugins/MovieScene/LevelSequenceEditor/LevelSequenceEditor.uplugin
LogPluginManager: Loaded Plugin MatineeToLevelSequence, From C:/Program Files (x86)/Epic Games/4.13/Engine/Plugins/MovieScene/MatineeToLevelSequence/MatineeToLevelSequence.uplugin
LogPluginManager: Loaded Plugin NetcodeUnitTest, From C:/Program Files (x86)/Epic Games/4.13/Engine/Plugins/NetcodeUnitTest/NetcodeUnitTest/NetcodeUnitTest.uplugin
LogPluginManager: Loaded Plugin NUTUnrealEngine4, From C:/Program Files (x86)/Epic Games/4.13/Engine/Plugins/NetcodeUnitTest/NUTUnrealEngine4/NUTUnrealEngine4.uplugin
LogPluginManager: Loaded Plugin OnlineSubsystemGooglePlay, From C:/Program Files (x86)/Epic Games/4.13/Engine/Plugins/Online/Android/OnlineSubsystemGooglePlay/OnlineSubsystemGooglePlay.uplugin
LogPluginManager: Loaded Plugin OnlineSubsystemIOS, From C:/Program Files (x86)/Epic Games/4.13/Engine/Plugins/Online/IOS/OnlineSubsystemIOS/OnlineSubsystemIOS.uplugin
LogPluginManager: Loaded Plugin OnlineFramework, From C:/Program Files (x86)/Epic Games/4.13/Engine/Plugins/Online/OnlineFramework/OnlineFramework.uplugin
LogPluginManager: Loaded Plugin OnlineSubsystem, From C:/Program Files (x86)/Epic Games/4.13/Engine/Plugins/Online/OnlineSubsystem/OnlineSubsystem.uplugin
LogPluginManager: Loaded Plugin OnlineSubsystemAmazon, From C:/Program Files (x86)/Epic Games/4.13/Engine/Plugins/Online/OnlineSubsystemAmazon/OnlineSubsystemAmazon.uplugin
LogPluginManager: Loaded Plugin OnlineSubsystemFacebook, From C:/Program Files (x86)/Epic Games/4.13/Engine/Plugins/Online/OnlineSubsystemFacebook/OnlineSubsystemFacebook.uplugin
LogPluginManager: Loaded Plugin OnlineSubsystemNull, From C:/Program Files (x86)/Epic Games/4.13/Engine/Plugins/Online/OnlineSubsystemNull/OnlineSubsystemNull.uplugin
LogPluginManager: Loaded Plugin OnlineSubsystemOculus, From C:/Program Files (x86)/Epic Games/4.13/Engine/Plugins/Online/OnlineSubsystemOculus/OnlineSubsystemOculus.uplugin
LogPluginManager: Loaded Plugin OnlineSubsystemSteam, From C:/Program Files (x86)/Epic Games/4.13/Engine/Plugins/Online/OnlineSubsystemSteam/OnlineSubsystemSteam.uplugin
LogPluginManager: Loaded Plugin OnlineSubsystemUtils, From C:/Program Files (x86)/Epic Games/4.13/Engine/Plugins/Online/OnlineSubsystemUtils/OnlineSubsystemUtils.uplugin
LogPluginManager: Loaded Plugin IOSTapJoy, From C:/Program Files (x86)/Epic Games/4.13/Engine/Plugins/Runtime/Advertising/IOSTapJoy/IOSTapJoy.uplugin
LogPluginManager: Loaded Plugin AnalyticsBlueprintLibrary, From C:/Program Files (x86)/Epic Games/4.13/Engine/Plugins/Runtime/Analytics/AnalyticsBlueprintLibrary/AnalyticsBlueprintLibrary.uplugin
LogPluginManager: Loaded Plugin AnalyticsMulticast, From C:/Program Files (x86)/Epic Games/4.13/Engine/Plugins/Runtime/Analytics/AnalyticsMulticast/AnalyticsMulticast.uplugin
LogPluginManager: Loaded Plugin Apsalar, From C:/Program Files (x86)/Epic Games/4.13/Engine/Plugins/Runtime/Analytics/Apsalar/Apsalar.uplugin
LogPluginManager: Loaded Plugin FileLogging, From C:/Program Files (x86)/Epic Games/4.13/Engine/Plugins/Runtime/Analytics/FileLogging/FileLogging.uplugin
LogPluginManager: Loaded Plugin Flurry, From C:/Program Files (x86)/Epic Games/4.13/Engine/Plugins/Runtime/Analytics/Flurry/Flurry.uplugin
LogPluginManager: Loaded Plugin AndroidDeviceProfileSelector, From C:/Program Files (x86)/Epic Games/4.13/Engine/Plugins/Runtime/AndroidDeviceProfileSelector/AndroidDeviceProfileSelector.uplugin
LogPluginManager: Loaded Plugin AndroidMoviePlayer, From C:/Program Files (x86)/Epic Games/4.13/Engine/Plugins/Runtime/AndroidMoviePlayer/AndroidMoviePlayer.uplugin
LogPluginManager: Loaded Plugin AppleMoviePlayer, From C:/Program Files (x86)/Epic Games/4.13/Engine/Plugins/Runtime/AppleMoviePlayer/AppleMoviePlayer.uplugin
LogPluginManager: Loaded Plugin ArchVisCharacter, From C:/Program Files (x86)/Epic Games/4.13/Engine/Plugins/Runtime/ArchVisCharacter/ArchVisCharacter.uplugin
LogPluginManager: Loaded Plugin CableComponent, From C:/Program Files (x86)/Epic Games/4.13/Engine/Plugins/Runtime/CableComponent/CableComponent.uplugin
LogPluginManager: Loaded Plugin CustomMeshComponent, From C:/Program Files (x86)/Epic Games/4.13/Engine/Plugins/Runtime/CustomMeshComponent/CustomMeshComponent.uplugin
LogPluginManager: Loaded Plugin ExampleDeviceProfileSelector, From C:/Program Files (x86)/Epic Games/4.13/Engine/Plugins/Runtime/ExampleDeviceProfileSelector/ExampleDeviceProfileSelector.uplugin
LogPluginManager: Loaded Plugin GearVR, From C:/Program Files (x86)/Epic Games/4.13/Engine/Plugins/Runtime/GearVR/GearVR.uplugin
LogPluginManager: Loaded Plugin GoogleVRController, From C:/Program Files (x86)/Epic Games/4.13/Engine/Plugins/Runtime/GoogleVR/GoogleVRController/GoogleVRController.uplugin
LogPluginManager: Loaded Plugin GoogleVRHMD, From C:/Program Files (x86)/Epic Games/4.13/Engine/Plugins/Runtime/GoogleVR/GoogleVRHMD/GoogleVRHMD.uplugin
LogPluginManager: Loaded Plugin IOSDeviceProfileSelector, From C:/Program Files (x86)/Epic Games/4.13/Engine/Plugins/Runtime/IOSDeviceProfileSelector/IOSDeviceProfileSelector.uplugin
LogPluginManager: Loaded Plugin LeapMotion, From C:/Program Files (x86)/Epic Games/4.13/Engine/Plugins/Runtime/LeapMotion/LeapMotion.uplugin
LogPluginManager: Loaded Plugin LinuxDeviceProfileSelector, From C:/Program Files (x86)/Epic Games/4.13/Engine/Plugins/Runtime/LinuxDeviceProfileSelector/LinuxDeviceProfileSelector.uplugin
LogPluginManager: Loaded Plugin LiveEditorListenServer, From C:/Program Files (x86)/Epic Games/4.13/Engine/Plugins/Runtime/LiveEditorListenServer/LiveEditorListenServer.uplugin
LogPluginManager: Loaded Plugin OculusAudio, From C:/Program Files (x86)/Epic Games/4.13/Engine/Plugins/Runtime/OculusAudio/OculusAudio.uplugin
LogPluginManager: Loaded Plugin OculusInput, From C:/Program Files (x86)/Epic Games/4.13/Engine/Plugins/Runtime/OculusInput/OculusInput.uplugin
LogPluginManager: Loaded Plugin OculusLibrary, From C:/Program Files (x86)/Epic Games/4.13/Engine/Plugins/Runtime/OculusLibrary/OculusLibrary.uplugin
LogPluginManager: Loaded Plugin OculusRift, From C:/Program Files (x86)/Epic Games/4.13/Engine/Plugins/Runtime/OculusRift/OculusRift.uplugin
LogPluginManager: Loaded Plugin Oodle, From C:/Program Files (x86)/Epic Games/4.13/Engine/Plugins/Runtime/PacketHandlers/CompressionComponents/Oodle/Oodle.uplugin
LogPluginManager: Loaded Plugin ProceduralMeshComponent, From C:/Program Files (x86)/Epic Games/4.13/Engine/Plugins/Runtime/ProceduralMeshComponent/ProceduralMeshComponent.uplugin
LogPluginManager: Loaded Plugin SoundMod, From C:/Program Files (x86)/Epic Games/4.13/Engine/Plugins/Runtime/SoundMod/SoundMod.uplugin
LogPluginManager: Loaded Plugin SoundVisualizations, From C:/Program Files (x86)/Epic Games/4.13/Engine/Plugins/Runtime/SoundVisualizations/SoundVisualizations.uplugin
LogPluginManager: Loaded Plugin SteamController, From C:/Program Files (x86)/Epic Games/4.13/Engine/Plugins/Runtime/Steam/SteamController/SteamController.uplugin
LogPluginManager: Loaded Plugin SteamVR, From C:/Program Files (x86)/Epic Games/4.13/Engine/Plugins/Runtime/Steam/SteamVR/SteamVR.uplugin
LogPluginManager: Loaded Plugin WebBrowserWidget, From C:/Program Files (x86)/Epic Games/4.13/Engine/Plugins/Runtime/WebBrowserWidget/WebBrowserWidget.uplugin
LogPluginManager: Loaded Plugin WindowsDeviceProfileSelector, From C:/Program Files (x86)/Epic Games/4.13/Engine/Plugins/Runtime/WindowsDeviceProfileSelector/WindowsDeviceProfileSelector.uplugin
LogPluginManager: Loaded Plugin WindowsMoviePlayer, From C:/Program Files (x86)/Epic Games/4.13/Engine/Plugins/Runtime/WindowsMoviePlayer/WindowsMoviePlayer.uplugin
LogPluginManager: Loaded Plugin ScriptPlugin, From C:/Program Files (x86)/Epic Games/4.13/Engine/Plugins/ScriptPlugin/ScriptPlugin.uplugin
LogPluginManager: Loaded Plugin SlateRemote, From C:/Program Files (x86)/Epic Games/4.13/Engine/Plugins/Slate/SlateRemote/SlateRemote.uplugin
LogInit: Using libcurl 7.47.1
LogInit:  - built for x86_64-pc-win32
LogInit:  - supports SSL with WinSSL
LogInit:  - other features:
LogInit:      CURL_VERSION_SSL
LogInit:      CURL_VERSION_IPV6
LogInit:      CURL_VERSION_ASYNCHDNS
LogInit:      CURL_VERSION_LARGEFILE
LogInit:      CURL_VERSION_IDN
LogInit:  CurlRequestOptions (configurable via config and command line):
LogInit:  - bVerifyPeer = false  - Libcurl will NOT verify peer certificate
LogInit:  - bUseHttpProxy = false  - Libcurl will NOT use HTTP proxy
LogInit:  - bDontReuseConnections = false  - Libcurl will reuse connections
LogInit:  - CertBundlePath = nullptr  - Libcurl will use whatever was configured at build time.
LogInit: Build: ++UE4+Release-4.13-CL-3142249
LogInit: Engine Version: 4.13.1-3142249+++UE4+Release-4.13
LogInit: Compatible Engine Version: 4.13.0-3106830+++UE4+Release-4.13
LogInit: Net CL: 3142249
LogDevObjectVersion: Number of dev versions registered: 13
LogDevObjectVersion:   Dev-Blueprints (B0D832E4-1F89-4F0D-ACCF-7EB736FD4AA2): 5
LogDevObjectVersion:   Dev-Build (E1C64328-A22C-4D53-A36C-8E866417BD8C): 0
LogDevObjectVersion:   Dev-Core (375EC13C-06E4-48FB-B500-84F0262A717E): 1
LogDevObjectVersion:   Dev-Editor (E4B068ED-F494-42E9-A231-DA0B2E46BB41): 6
LogDevObjectVersion:   Dev-Framework (CFFC743F-43B0-4480-9391-14DF171D2073): 12
LogDevObjectVersion:   Dev-Mobile (B02B49B5-BB20-44E9-A304-32B752E40360): 0
LogDevObjectVersion:   Dev-Networking (A4E4105C-59A1-49B5-A7C5-40C4547EDFEE): 0
LogDevObjectVersion:   Dev-Online (39C831C9-5AE6-47DC-9A44-9C173E1C8E7C): 0
LogDevObjectVersion:   Dev-Physics (78F01B33-EBEA-4F98-B9B4-84EACCB95AA2): 0
LogDevObjectVersion:   Dev-Platform (6631380F-2D4D-43E0-8009-CF276956A95A): 0
LogDevObjectVersion:   Dev-Rendering (12F88B9F-8875-4AFC-A67C-D90C383ABD29): 4
LogDevObjectVersion:   Dev-Sequencer (7B5AE74C-D270-4C10-A958-57980B212A5A): 0
LogDevObjectVersion:   Dev-VR (D7296918-1DD6-4BDD-9DE2-64A83CC13884): 0
LogInit: Compiled (64-bit): Sep 28 2016 02:12:12
LogInit: Compiled with Visual C++: 19.00.23026.00
LogInit: Build Configuration: Development
LogInit: Branch Name: ++UE4+Release-4.13
LogInit: Command line:  
LogInit: Base directory: C:/Program Files (x86)/Epic Games/4.13/Engine/Binaries/Win64/
LogInit: Installed Engine Build: 1
LogInit: Presizing for max 8388607 objects, including 0 objects not considered by GC, pre-allocating 0 bytes for permanent pool.
LogInit: Object subsystem initialized
[2016.11.03-23.40.10:269][  0]LogInit: Selected Device Profile: [Windows]
[2016.11.03-23.40.10:269][  0]LogInit: Applying CVar settings loaded from the selected device profile: [Windows]
[2016.11.03-23.40.10:279][  0]LogInit: Computer: CLEOPATRA
[2016.11.03-23.40.10:279][  0]LogInit: User: Erinexx
[2016.11.03-23.40.10:279][  0]LogInit: CPU Page size=65536, Cores=4
[2016.11.03-23.40.10:279][  0]LogInit: High frequency timer resolution =3.421881 MHz
[2016.11.03-23.40.10:279][  0]LogMemory: Memory total: Physical=16.0GB (16GB approx)
[2016.11.03-23.40.10:279][  0]LogMemory: Platform Memory Stats for Windows
[2016.11.03-23.40.10:279][  0]LogMemory: Process Physical Memory: 254.10 MB used, 254.10 MB peak
[2016.11.03-23.40.10:279][  0]LogMemory: Process Virtual Memory: 259.80 MB used, 259.80 MB peak
[2016.11.03-23.40.10:279][  0]LogMemory: Physical Memory: 3028.74 MB used, 16333.29 MB total
[2016.11.03-23.40.10:279][  0]LogMemory: Virtual Memory: 603.82 MB used, 134217728.00 MB total
[2016.11.03-23.40.10:305][  0]LogTextLocalizationManager: No specific translations for ('en-GB') exist, so ('en') translations will be used.
[2016.11.03-23.40.10:794][  0]LogD3D11RHI: D3D11 adapters:
[2016.11.03-23.40.10:811][  0]LogD3D11RHI:    0. 'NVIDIA GeForce GTX 1070' (Feature Level 11_0)
[2016.11.03-23.40.10:811][  0]LogD3D11RHI:       8053/0/8166 MB DedicatedVideo/DedicatedSystem/SharedSystem, Outputs:1, VendorId:0x10de
[2016.11.03-23.40.10:811][  0]LogD3D11RHI:    1. 'Microsoft Basic Render Driver' (Feature Level 11_0)
[2016.11.03-23.40.10:811][  0]LogD3D11RHI:       0/0/256 MB DedicatedVideo/DedicatedSystem/SharedSystem, Outputs:0, VendorId:0x1414
[2016.11.03-23.40.10:811][  0]LogD3D11RHI: Chosen D3D11 Adapter: 0
[2016.11.03-23.40.10:814][  0]LogD3D11RHI: Creating new Direct3DDevice
[2016.11.03-23.40.10:814][  0]LogD3D11RHI:     GPU DeviceId: 0x1b81 (for the marketing name, search the web for "GPU Device Id")
[2016.11.03-23.40.10:814][  0]LogWindows: EnumDisplayDevices:
[2016.11.03-23.40.10:814][  0]LogWindows:    0. 'NVIDIA GeForce GTX 1070' (P:1 D:1)
[2016.11.03-23.40.10:814][  0]LogWindows:    1. 'NVIDIA GeForce GTX 1070' (P:0 D:0)
[2016.11.03-23.40.10:814][  0]LogWindows:    2. 'NVIDIA GeForce GTX 1070' (P:0 D:0)
[2016.11.03-23.40.10:815][  0]LogWindows:    3. 'NVIDIA GeForce GTX 1070' (P:0 D:0)
[2016.11.03-23.40.10:815][  0]LogWindows: DebugString: FoundDriverCount:4 
[2016.11.03-23.40.10:815][  0]LogD3D11RHI:     Adapter Name: NVIDIA GeForce GTX 1070
[2016.11.03-23.40.10:815][  0]LogD3D11RHI:   Driver Version: 375.70 (internal:21.21.13.7570, unified:375.70)
[2016.11.03-23.40.10:815][  0]LogD3D11RHI:      Driver Date: 10-25-2016
[2016.11.03-23.40.10:815][  0]LogRHI: Texture pool is 1361 MB (70% of 1945 MB)
[2016.11.03-23.40.10:822][  0]LogD3D11RHI: Async texture creation enabled
[2016.11.03-23.40.10:838][  0]LogD3D11RHI: GPU Timing Frequency: 1000.000000 (Debug: 2 2)
[2016.11.03-23.40.10:838][  0]LogShaderCompilers: Guid format shader working directory is -4 characters bigger than the processId version (E:/Users/Erinexx/Documents/Unreal Projects/StaticVoid/Intermediate/Shaders/WorkingDirectory/376/).
[2016.11.03-23.40.10:838][  0]LogShaderCompilers: Cleaned the shader compiler working directory 'C:/Users/Erinexx/AppData/Local/Temp/UnrealShaderWorkingDir/428A120C435FA6AD52B45BB131D48B34/'.
[2016.11.03-23.40.10:838][  0]LogShaderCompilers:Display: Using Local Shader Compiler.
[2016.11.03-23.40.11:634][  0]LogTemp:Display: Loaded TP AllDesktopTargetPlatform
[2016.11.03-23.40.11:641][  0]LogTemp:Display: Loaded TP WindowsClientTargetPlatform
[2016.11.03-23.40.11:648][  0]LogTemp:Display: Loaded TP WindowsNoEditorTargetPlatform
[2016.11.03-23.40.11:655][  0]LogTemp:Display: Loaded TP WindowsServerTargetPlatform
[2016.11.03-23.40.11:662][  0]LogTemp:Display: Loaded TP WindowsTargetPlatform
[2016.11.03-23.40.11:668][  0]LogTemp:Display: Loaded TP AndroidTargetPlatform
[2016.11.03-23.40.11:674][  0]LogTemp:Display: Loaded TP Android_ASTCTargetPlatform
[2016.11.03-23.40.11:679][  0]LogTemp:Display: Loaded TP Android_ATCTargetPlatform
[2016.11.03-23.40.11:685][  0]LogTemp:Display: Loaded TP Android_DXTTargetPlatform
[2016.11.03-23.40.11:691][  0]LogTemp:Display: Loaded TP Android_ETC1TargetPlatform
[2016.11.03-23.40.11:697][  0]LogTemp:Display: Loaded TP Android_ETC2TargetPlatform
[2016.11.03-23.40.11:709][  0]LogTemp:Display: Loaded TP Android_MultiTargetPlatform
[2016.11.03-23.40.11:709][  0]LogTemp:Display: Loaded TP Android_PVRTCTargetPlatform
[2016.11.03-23.40.11:710][  0]LogTemp:Display: Loaded TP HTML5TargetPlatform
[2016.11.03-23.40.11:729][  0]LogTemp:Display: Loaded TP IOSTargetPlatform
[2016.11.03-23.40.11:734][  0]LogTemp:Display: Loaded TP TVOSTargetPlatform
[2016.11.03-23.40.11:739][  0]LogTemp:Display: Loaded TP LinuxClientTargetPlatform
[2016.11.03-23.40.11:745][  0]LogTemp:Display: Loaded TP LinuxNoEditorTargetPlatform
[2016.11.03-23.40.11:751][  0]LogTemp:Display: Loaded TP LinuxServerTargetPlatform
[2016.11.03-23.40.11:756][  0]LogTemp:Display: Loaded TP LinuxTargetPlatform
[2016.11.03-23.40.11:756][  0]LogTargetPlatformManager:Display: Building Assets For Windows
[2016.11.03-23.40.11:816][  0]LogDerivedDataCache:Display: Max Cache Size: 512 MB
[2016.11.03-23.40.11:866][  0]LogDerivedDataCache: Loaded boot cache 0.05s 62MB C:/Users/Erinexx/AppData/Local/UnrealEngine/4.13/DerivedDataCache/Boot.ddc.
[2016.11.03-23.40.11:866][  0]LogDerivedDataCache:Display: Loaded Boot cache: C:/Users/Erinexx/AppData/Local/UnrealEngine/4.13/DerivedDataCache/Boot.ddc
[2016.11.03-23.40.11:866][  0]LogDerivedDataCache: FDerivedDataBackendGraph:  Pak pak cache file E:/Users/Erinexx/Documents/Unreal Projects/StaticVoid/DerivedDataCache/DDC.ddp not found, will not use a pak cache.
[2016.11.03-23.40.11:866][  0]LogDerivedDataCache: Unable to find inner node Pak for hierarchical cache Hierarchy.
[2016.11.03-23.40.11:866][  0]LogDerivedDataCache: FDerivedDataBackendGraph:  CompressedPak pak cache file E:/Users/Erinexx/Documents/Unreal Projects/StaticVoid/DerivedDataCache/Compressed.ddp not found, will not use a pak cache.
[2016.11.03-23.40.11:866][  0]LogDerivedDataCache: Unable to find inner node CompressedPak for hierarchical cache Hierarchy.
[2016.11.03-23.40.11:880][  0]LogDerivedDataCache:Display: Pak cache opened for reading ../../../Engine/DerivedDataCache/Compressed.ddp.
[2016.11.03-23.40.11:892][  0]LogDerivedDataCache: Using Local data cache path C:/Users/Erinexx/AppData/Local/UnrealEngine/Common/DerivedDataCache: Writable
[2016.11.03-23.40.12:047][  0]LogInit: Selected Device Profile: [Windows]
[2016.11.03-23.40.12:049][  0]LogContentStreaming: Texture pool size is 0.00 MB
[2016.11.03-23.40.12:125][  0]LogMeshUtilities: No automatic mesh reduction module available
[2016.11.03-23.40.12:125][  0]LogMeshUtilities: No automatic mesh merging module available
[2016.11.03-23.40.12:125][  0]LogMeshUtilities: No distributed automatic mesh merging module available
[2016.11.03-23.40.12:184][  0]LogMaterial: Uniform references updated for custom material expression Custom.
[2016.11.03-23.40.12:414][  0]LogNetVersion: GetLocalNetworkVersion: CL: 3106830, ProjectName: staticvoid, ProjectVersion: , EngineNetworkVersion: 1, GameNetworkVersion: 0, NetworkChecksum: 3222468558
[2016.11.03-23.40.12:449][  0]LogAssetRegistry: FAssetRegistry took 0.0220 seconds to start up
[2016.11.03-23.40.12:471][  0]LogPackageLocalizationCache: Processed 3 localized package path(s) for 2 prioritized culture(s) in 0.019780 seconds
[2016.11.03-23.40.12:475][  0]LogUObjectArray: 29778 objects as part of root set at end of initial load.
[2016.11.03-23.40.12:475][  0]LogUObjectAllocator: 6125456 out of 0 bytes used by permanent object pool.
[2016.11.03-23.40.12:475][  0]LogUObjectArray: CloseDisregardForGC: 0/0 objects in disregard for GC pool
[2016.11.03-23.40.12:481][  0]LogInit: WinSock: version 1.1 (2.2), MaxSocks=32767, MaxUdp=65467
[2016.11.03-23.40.12:646][  0]LogSlate: SlateFontCache - WITH_FREETYPE: 1, WITH_HARFBUZZ: 1
[2016.11.03-23.40.12:646][  0]LogSlate: SlateFontCache - WITH_FREETYPE: 1, WITH_HARFBUZZ: 1
[2016.11.03-23.40.13:159][  0]LogTcpMessaging: Initializing TcpMessaging bridge
[2016.11.03-23.40.13:177][  0]LogUdpMessaging: Initializing bridge on interface 0.0.0.0:0 to multicast group 230.0.0.1:6666.
[2016.11.03-23.40.13:379][  0]SourceControl: Info Source control is disabled
[2016.11.03-23.40.13:380][  0]SourceControl: Info Source control is disabled
[2016.11.03-23.40.13:387][  0]SourceControl: Info Source control is disabled
[2016.11.03-23.40.13:393][  0]SourceControl: Info Source control is disabled
[2016.11.03-23.40.13:446][  0]LogLinker:Warning: Can't find file '/Game/Blueprints/FirstPersonOverview'
[2016.11.03-23.40.13:446][  0]LogLinker:Warning: Can't find file '/Game/Blueprints/FirstPersonOverview'
[2016.11.03-23.40.13:446][  0]LogUObjectGlobals:Warning: Failed to find object 'Class /Game/Blueprints/FirstPersonOverview.FirstPersonOverview_C'
[2016.11.03-23.40.13:610][  0]LogEngine: Initializing Engine...
[2016.11.03-23.40.13:625][  0]LogHMD: SteamVR initialized.  Driver: lighthouse  Display: LHR-7C987E5D
[2016.11.03-23.40.13:736][  0]LogAIModule: Creating AISystem for world Untitled
[2016.11.03-23.40.13:754][  0]LogInit: XAudio2 using 'Digital Audio (S/PDIF) (High Definition Audio Device)' : 2 channels at 44.1 kHz using 16 bits per sample (channel mask 0x3)
[2016.11.03-23.40.13:761][  0]LogInit: FAudioDevice initialized.
[2016.11.03-23.40.13:784][  0]LogDerivedDataCache: Saved boot cache 0.02s 62MB C:/Users/Erinexx/AppData/Local/UnrealEngine/4.13/DerivedDataCache/Boot.ddc.
[2016.11.03-23.40.13:789][  0]LogInit: Texture streaming: Enabled
[2016.11.03-23.40.13:808][  0]LogInit: Transaction tracking system initialized
[2016.11.03-23.40.13:828][  0]BlueprintLog: New page: Editor Load
[2016.11.03-23.40.13:893][  0]LocalizationService: Info Localization service is disabled
[2016.11.03-23.40.13:955][  0]LogConsoleResponse:Display: 
[2016.11.03-23.40.14:043][  0]LogCook:Display: Max memory allowance for cook 16384mb min free memory 0mb
[2016.11.03-23.40.14:043][  0]LogCook:Display: Mobile HDR setting 1
[2016.11.03-23.40.14:161][  0]LogFileCache: Scanning file cache for directory 'E:/Users/Erinexx/Documents/Unreal Projects/StaticVoid/Content/' took 0.01s
[2016.11.03-23.40.14:161][  0]SourceControl: Info Source control is disabled
[2016.11.03-23.40.14:161][  0]Cmd: MAP LOAD FILE="E:/Users/Erinexx/Documents/Unreal Projects/StaticVoid/Content/Maps/LV_Test.umap" TEMPLATE=0 SHOWPROGRESS=1 FEATURELEVEL=3
[2016.11.03-23.40.14:162][  0]LightingResults: New page: Lighting Build
[2016.11.03-23.40.14:164][  0]MapCheck: New page: Map Check
[2016.11.03-23.40.14:164][  0]LightingResults: New page: Lighting Build
[2016.11.03-23.40.14:195][  0]LogAIModule: Creating AISystem for world LV_Test
[2016.11.03-23.40.14:198][  0]LogEditorServer: Finished looking for orphan Actors (0.000 secs)
[2016.11.03-23.40.14:199][  0]Cmd: MAP CHECKDEP NOCLEARLOG
[2016.11.03-23.40.14:226][  0]MapCheck: Info Map check complete: 0 Error(s), 0 Warning(s), took 27.004ms to complete.
[2016.11.03-23.40.14:226][  0]LogFileHelpers: Loading map 'LV_Test' took 0.064
[2016.11.03-23.40.14:318][  0]LogCollectionManager: Loaded 0 collections in 0.001461 seconds
[2016.11.03-23.40.14:357][  0]LogFileCache: Scanning file cache for directory 'E:/Users/Erinexx/Documents/Unreal Projects/StaticVoid/Saved/Collections/' took 0.01s
[2016.11.03-23.40.14:357][  0]LogFileCache: Scanning file cache for directory 'E:/Users/Erinexx/Documents/Unreal Projects/StaticVoid/Content/Developers/Erinexx/Collections/' took 0.01s
[2016.11.03-23.40.14:357][  0]LogFileCache: Scanning file cache for directory 'E:/Users/Erinexx/Documents/Unreal Projects/StaticVoid/Content/Collections/' took 0.01s
[2016.11.03-23.40.14:357][  0]LogCollectionManager: Rebuilt the GUID cache for 0 collections in 0.000002 seconds
[2016.11.03-23.40.14:365][  0]LogContentBrowser: Native class hierarchy populated in 0.0072 seconds. Added 2141 classes and 415 folders.
[2016.11.03-23.40.14:368][  0]LogStats: UGameplayTagsManager::ConstructGameplayTagTree: Construct from data asset -  0.000 s
[2016.11.03-23.40.14:368][  0]LogStats: UGameplayTagsManager::ConstructGameplayTagTree: GameplayTagTreeChangedEvent.Broadcast -  0.000 s
[2016.11.03-23.40.14:368][  0]LogContentBrowser: Native class hierarchy updated for 'GameplayTags' in 0.0004 seconds. Added 12 classes and 0 folders.
[2016.11.03-23.40.14:373][  0]LogContentBrowser: Native class hierarchy updated for 'WidgetCarousel' in 0.0004 seconds. Added 0 classes and 0 folders.
[2016.11.03-23.40.14:399][  0]LogContentBrowser: Native class hierarchy updated for 'AddContentDialog' in 0.0003 seconds. Added 0 classes and 0 folders.
[2016.11.03-23.40.14:403][  0]LogContentBrowser: Native class hierarchy updated for 'SceneOutliner' in 0.0003 seconds. Added 1 classes and 2 folders.
[2016.11.03-23.40.14:442][  0]LogCrashTracker: Crashtracker disabled due to settings.
[2016.11.03-23.40.14:446][  0]LogUObjectGlobals:Warning: Failed to find object 'Class None.'
[2016.11.03-23.40.14:472][  0]LogContentBrowser: Native class hierarchy updated for 'HierarchicalLODOutliner' in 0.0004 seconds. Added 1 classes and 2 folders.
[2016.11.03-23.40.14:472][  0]LogLoad: (Engine Initialization) Total time: 4.92 seconds
[2016.11.03-23.40.14:472][  0]LogLoad: (Engine Initialization) Total Blueprint compile time: 0.00 seconds
[2016.11.03-23.40.14:472][  0]LogExternalProfiler: Found external profiler: VSPerf
[2016.11.03-23.40.14:472][  0]LogExternalProfiler: Using external profiler: VSPerf
[2016.11.03-23.40.14:480][  0]LogWindowsTextInputMethodSystem:Display: IME system now deactivated.
[2016.11.03-23.40.14:481][  0]LogOcInput: OculusInput pre-init called
[2016.11.03-23.40.14:498][  0]LogContentStreaming: Texture pool size now 1000 MB
[2016.11.03-23.40.14:625][  0]LogRenderer: Reallocating scene render targets to support 1156x556 (Frame:2).
[2016.11.03-23.40.14:673][  1]LogHttp:Warning: 00000025DD096080: request failed, libcurl error: 6 (Couldn't resolve host name)
[2016.11.03-23.40.14:673][  1]LogHttp:Warning: 00000025DD096080: libcurl info message cache 8 (Could not resolve host: cdn.unrealengine.com)
[2016.11.03-23.40.14:673][  1]LogHttp:Warning: 00000025DD096080: libcurl info message cache 9 (Closing connection 0)
[2016.11.03-23.40.14:680][  1]LogAssetRegistry: Asset discovery search completed in 2.2532 seconds
[2016.11.03-23.40.14:680][  1]LogCollectionManager: Rebuilt the object cache for 0 collections in 0.000000 seconds (found 0 objects)
[2016.11.03-23.40.14:680][  1]LogCollectionManager: Fixed up redirectors for 0 collections in 0.000014 seconds (updated 0 objects)
[2016.11.03-23.40.14:733][  5]LogHttp:Warning: 00000025E25FF880: request failed, libcurl error: 6 (Couldn't resolve host name)
[2016.11.03-23.40.14:733][  5]LogHttp:Warning: 00000025E25FF880: libcurl info message cache 8 (Could not resolve host: cdn.unrealengine.com)
[2016.11.03-23.40.14:733][  5]LogHttp:Warning: 00000025E25FF880: libcurl info message cache 9 (Closing connection 1)
[2016.11.03-23.40.14:796][ 12]LogHttp:Warning: 00000025E25FE380: request failed, libcurl error: 6 (Couldn't resolve host name)
[2016.11.03-23.40.14:796][ 12]LogHttp:Warning: 00000025E25FE380: libcurl info message cache 8 (Could not resolve host: cdn.unrealengine.com)
[2016.11.03-23.40.14:796][ 12]LogHttp:Warning: 00000025E25FE380: libcurl info message cache 9 (Closing connection 2)
[2016.11.03-23.40.26:771][422]LogActorFactory: Actor Factory created Cube
[2016.11.03-23.40.27:135][465]LogActorFactory: Actor Factory created Cube
[2016.11.03-23.40.30:422][855]Cmd: TRANSACTION UNDO
[2016.11.03-23.40.30:422][855]LogEditorTransaction: Undo Scale Actors
[2016.11.03-23.40.34:998][375]Cmd: OBJ SAVEPACKAGE PACKAGE="/Game/Maps/LV_Test" FILE="E:/Users/Erinexx/Documents/Unreal Projects/StaticVoid/Content/Maps/LV_Test.umap" SILENT=true AUTOSAVING=false KEEPDIRTY=false
[2016.11.03-23.40.35:020][375]LogSavePackage: Save=12.51ms
[2016.11.03-23.40.35:020][375]LogSavePackage: Moving 'E:/Users/Erinexx/Documents/Unreal Projects/StaticVoid/Saved/LV_Test56E1342E468E07C12ABF05BBAC53591B.tmp' to 'E:/Users/Erinexx/Documents/Unreal Projects/StaticVoid/Content/Maps/LV_Test.umap'
[2016.11.03-23.40.35:022][375]LogSavePackage:Display: Finished SavePackage E:/Users/Erinexx/Documents/Unreal Projects/StaticVoid/Content/Maps/LV_Test.umap
[2016.11.03-23.40.35:034][375]LogFileHelpers: Saving map 'LV_Test' took 0.064
[2016.11.03-23.40.36:202][513]Cmd: SELECT NONE
[2016.11.03-23.40.41:357][ 83]LogContentBrowser: Native class hierarchy updated for 'BlueprintGraph' in 0.0006 seconds. Added 112 classes and 0 folders.
[2016.11.03-23.40.59:532][109]Cmd: SELECT NONE
[2016.11.03-23.41.00:048][164]Cmd: OBJ SAVEPACKAGE PACKAGE="/Game/Maps/LV_Test" FILE="E:/Users/Erinexx/Documents/Unreal Projects/StaticVoid/Content/Maps/LV_Test.umap" SILENT=true AUTOSAVING=false KEEPDIRTY=false
[2016.11.03-23.41.00:070][164]LogSavePackage: Save=11.05ms
[2016.11.03-23.41.00:070][164]LogSavePackage: Moving 'E:/Users/Erinexx/Documents/Unreal Projects/StaticVoid/Saved/LV_TestA5F63D1D450B757A1D5DEB93C6AEEB6B.tmp' to 'E:/Users/Erinexx/Documents/Unreal Projects/StaticVoid/Content/Maps/LV_Test.umap'
[2016.11.03-23.41.00:072][164]LogSavePackage:Display: Finished SavePackage E:/Users/Erinexx/Documents/Unreal Projects/StaticVoid/Content/Maps/LV_Test.umap
[2016.11.03-23.41.00:083][164]LogFileHelpers: Saving map 'LV_Test' took 0.065
[2016.11.03-23.41.00:086][164]Cmd: OBJ SAVEPACKAGE PACKAGE="/Game/Blueprints/Entities/Units/BP_TestShip" FILE="E:/Users/Erinexx/Documents/Unreal Projects/StaticVoid/Content/Blueprints/Entities/Units/BP_TestShip.uasset" SILENT=true
[2016.11.03-23.41.00:094][164]LogSavePackage: Save=7.17ms
[2016.11.03-23.41.00:094][164]LogSavePackage: Moving 'E:/Users/Erinexx/Documents/Unreal Projects/StaticVoid/Saved/BP_TestShipC8C109744E01F8B4F5A9279617DE5B4B.tmp' to 'E:/Users/Erinexx/Documents/Unreal Projects/StaticVoid/Content/Blueprints/Entities/Units/BP_TestShip.uasset'
[2016.11.03-23.41.00:096][164]LogSavePackage:Display: Finished SavePackage E:/Users/Erinexx/Documents/Unreal Projects/StaticVoid/Content/Blueprints/Entities/Units/BP_TestShip.uasset
[2016.11.03-23.41.03:537][540]BlueprintLog: New page: Compile BP_TestShip
[2016.11.03-23.41.05:663][776]LogRenderer: Reallocating scene render targets to support 1156x696 (Frame:5168).
[2016.11.03-23.41.06:198][833]Cmd: OBJ SAVEPACKAGE PACKAGE="/Game/Maps/LV_Test" FILE="E:/Users/Erinexx/Documents/Unreal Projects/StaticVoid/Content/Maps/LV_Test.umap" SILENT=true AUTOSAVING=false KEEPDIRTY=false
[2016.11.03-23.41.06:221][833]LogSavePackage: Save=11.36ms
[2016.11.03-23.41.06:221][833]LogSavePackage: Moving 'E:/Users/Erinexx/Documents/Unreal Projects/StaticVoid/Saved/LV_Test72822CD84466A077563786918705CA2A.tmp' to 'E:/Users/Erinexx/Documents/Unreal Projects/StaticVoid/Content/Maps/LV_Test.umap'
[2016.11.03-23.41.06:223][833]LogSavePackage:Display: Finished SavePackage E:/Users/Erinexx/Documents/Unreal Projects/StaticVoid/Content/Maps/LV_Test.umap
[2016.11.03-23.41.06:234][833]LogFileHelpers: Saving map 'LV_Test' took 0.066
[2016.11.03-23.41.14:546][777]LogHttp:Warning: 00000025E26B7A00: request failed, libcurl error: 6 (Couldn't resolve host name)
[2016.11.03-23.41.14:546][777]LogHttp:Warning: 00000025E26B7A00: libcurl info message cache 8 (Could not resolve host: datarouter.ol.epicgames.com)
[2016.11.03-23.41.14:546][777]LogHttp:Warning: 00000025E26B7A00: libcurl info message cache 9 (Closing connection 3)
[2016.11.03-23.41.34:878][129]LogPlayLevel: PlayLevel: No blueprints needed recompiling
[2016.11.03-23.41.34:878][129]PIE: New page: PIE session: LV_Test (3 Nov 2016 23:41:34)
[2016.11.03-23.41.34:878][129]LogPlayLevel: Creating play world package: /Game/Maps/UEDPIE_0_LV_Test
[2016.11.03-23.41.34:880][129]LogPlayLevel: PIE: StaticDuplicateObject took: (0.001235s)
[2016.11.03-23.41.34:880][129]LogAIModule: Creating AISystem for world LV_Test
[2016.11.03-23.41.34:880][129]LogPlayLevel: PIE: World Init took: (0.000499s)
[2016.11.03-23.41.34:880][129]LogPlayLevel: PIE: Created PIE world by copying editor world from /Game/Maps/LV_Test.LV_Test to /Game/Maps/UEDPIE_0_LV_Test.LV_Test (0.001881s)
[2016.11.03-23.41.34:905][129]LogInit: XAudio2 using 'Digital Audio (S/PDIF) (High Definition Audio Device)' : 2 channels at 44.1 kHz using 16 bits per sample (channel mask 0x3)
[2016.11.03-23.41.34:911][129]LogInit: FAudioDevice initialized.
[2016.11.03-23.41.35:044][129]LogWorld: Game class is 'GM_Test_C'
[2016.11.03-23.41.35:046][129]LogWorld: Bringing World /Game/Maps/UEDPIE_0_LV_Test.LV_Test up for play (max tick rate 0) at 2016.11.03-23.41.35
[2016.11.03-23.41.35:047][129]LogWorld: Bringing up level for play took: 0.001012
[2016.11.03-23.41.35:049][129]LogContentBrowser: Native class hierarchy updated for 'MovieSceneCapture' in 0.0004 seconds. Added 11 classes and 0 folders.
[2016.11.03-23.41.35:050][129]LogGameMode:Display: Match State Changed from EnteringMap to WaitingToStart
[2016.11.03-23.41.35:050][129]LogGameState: Match State Changed from EnteringMap to WaitingToStart
[2016.11.03-23.41.35:050][129]LogGameMode:Display: Match State Changed from WaitingToStart to InProgress
[2016.11.03-23.41.35:051][129]LogGameState: Match State Changed from WaitingToStart to InProgress
[2016.11.03-23.41.35:055][129]PIE: Info Play in editor start time for /Game/Maps/UEDPIE_0_LV_Test 0.121
[2016.11.03-23.41.35:095][130]LogRenderer: Reallocating scene render targets to support 3024x1680 (Frame:8904).
[2016.11.03-23.41.43:625][898]LogEditorViewport: Clicking on Actor (LMB): StaticMeshActor (skysphere)
[2016.11.03-23.41.44:721][ 25]LogPlayLevel: PlayLevel: No blueprints needed recompiling
[2016.11.03-23.41.44:722][ 25]PIE: New page: PIE session: LV_Test (3 Nov 2016 23:41:44)
[2016.11.03-23.41.44:722][ 25]LogPlayLevel: Creating play world package: /Game/Maps/UEDPIE_0_LV_Test
[2016.11.03-23.41.44:723][ 25]LogPlayLevel: PIE: StaticDuplicateObject took: (0.001200s)
[2016.11.03-23.41.44:723][ 25]LogAIModule: Creating AISystem for world LV_Test
[2016.11.03-23.41.44:724][ 25]LogPlayLevel: PIE: World Init took: (0.000802s)
[2016.11.03-23.41.44:724][ 25]LogPlayLevel: PIE: Created PIE world by copying editor world from /Game/Maps/LV_Test.LV_Test to /Game/Maps/UEDPIE_0_LV_Test.LV_Test (0.002154s)
[2016.11.03-23.41.44:748][ 25]LogInit: XAudio2 using 'Digital Audio (S/PDIF) (High Definition Audio Device)' : 2 channels at 44.1 kHz using 16 bits per sample (channel mask 0x3)
[2016.11.03-23.41.44:753][ 25]LogInit: FAudioDevice initialized.
[2016.11.03-23.41.44:825][ 25]LogWorld: Game class is 'GM_Test_C'
[2016.11.03-23.41.44:826][ 25]LogWorld: Bringing World /Game/Maps/UEDPIE_0_LV_Test.LV_Test up for play (max tick rate 0) at 2016.11.03-23.41.44
[2016.11.03-23.41.44:827][ 25]LogWorld: Bringing up level for play took: 0.000988
[2016.11.03-23.41.44:827][ 25]LogGameMode:Display: Match State Changed from EnteringMap to WaitingToStart
[2016.11.03-23.41.44:827][ 25]LogGameState: Match State Changed from EnteringMap to WaitingToStart
[2016.11.03-23.41.44:827][ 25]LogGameMode:Display: Match State Changed from WaitingToStart to InProgress
[2016.11.03-23.41.44:828][ 25]LogGameState: Match State Changed from WaitingToStart to InProgress
[2016.11.03-23.41.44:832][ 25]PIE: Info Play in editor start time for /Game/Maps/UEDPIE_0_LV_Test -0.102
[2016.11.03-23.41.44:934][ 26]LogWindows: Windows GetLastError: The operation completed successfully. (0)
[2016.11.03-23.41.53:534][ 26]LogCrashTracker: 


[2016.11.03-23.41.53:534][ 26]LogCrashTracker: 


[2016.11.03-23.41.53:534][ 26]LogWindows:Error: === Critical error: ===
[2016.11.03-23.41.53:534][ 26]LogWindows:Error: 
[2016.11.03-23.41.53:534][ 26]LogWindows:Error: Assertion failed: EditorWorld == GWorld [File:D:\Build\++UE4+Release-4.13+Compile\Sync\Engine\Source\Editor\UnrealEd\Private\PlayLevel.cpp] [Line: 595] 
[2016.11.03-23.41.53:534][ 26]LogWindows:Error: 
[2016.11.03-23.41.53:534][ 26]LogWindows:Error: 
[2016.11.03-23.41.53:534][ 26]LogWindows:Error: 
[2016.11.03-23.41.53:534][ 26]LogWindows:Error: KERNELBASE.dll
[2016.11.03-23.41.53:534][ 26]LogWindows:Error: UE4Editor-Core.dll!FOutputDeviceWindowsError::Serialize() [d:\build\++ue4+release-4.13+compile\sync\engine\source\runtime\core\private\windows\windowsplatformoutputdevices.cpp:103]
[2016.11.03-23.41.53:534][ 26]LogWindows:Error: UE4Editor-Core.dll!FOutputDevice::Logf__VA() [d:\build\++ue4+release-4.13+compile\sync\engine\source\runtime\core\private\misc\outputdevice.cpp:94]
[2016.11.03-23.41.53:534][ 26]LogWindows:Error: UE4Editor-Core.dll!FDebug::AssertFailed() [d:\build\++ue4+release-4.13+compile\sync\engine\source\runtime\core\private\misc\outputdevice.cpp:421]
[2016.11.03-23.41.53:534][ 26]LogWindows:Error: UE4Editor-UnrealEd.dll!UEditorEngine::TeardownPlaySession() [d:\build\++ue4+release-4.13+compile\sync\engine\source\editor\unrealed\private\playlevel.cpp:595]
[2016.11.03-23.41.53:534][ 26]LogWindows:Error: UE4Editor-UnrealEd.dll!UEditorEngine::EndPlayMap() [d:\build\++ue4+release-4.13+compile\sync\engine\source\editor\unrealed\private\playlevel.cpp:270]
[2016.11.03-23.41.53:534][ 26]LogWindows:Error: UE4Editor-UnrealEd.dll!FInternalPlayWorldCommandCallbacks::PlayInVR_Clicked() [d:\build\++ue4+release-4.13+compile\sync\engine\source\editor\unrealed\private\kismet2\debuggercommands.cpp:1422]
[2016.11.03-23.41.53:534][ 26]LogWindows:Error: UE4Editor-UnrealEd.dll!TBaseStaticDelegateInstance<void __cdecl(void)>::ExecuteIfSafe() [d:\build\++ue4+release-4.13+compile\sync\engine\source\runtime\core\public\delegates\delegateinstancesimpl.h:1017]
[2016.11.03-23.41.53:534][ 26]LogWindows:Error: UE4Editor-Slate.dll!FUICommandList::ExecuteAction() [d:\build\++ue4+release-4.13+compile\sync\engine\source\runtime\slate\private\framework\commands\uicommandlist.cpp:92]
[2016.11.03-23.41.53:534][ 26]LogWindows:Error: UE4Editor-UnrealEd.dll!FInternalPlayWorldCommandCallbacks::RepeatLastPlay_Clicked() [d:\build\++ue4+release-4.13+compile\sync\engine\source\editor\unrealed\private\kismet2\debuggercommands.cpp:1248]
[2016.11.03-23.41.53:534][ 26]LogWindows:Error: UE4Editor-UnrealEd.dll!TBaseStaticDelegateInstance<void __cdecl(void)>::ExecuteIfSafe() [d:\build\++ue4+release-4.13+compile\sync\engine\source\runtime\core\public\delegates\delegateinstancesimpl.h:1017]
[2016.11.03-23.41.53:534][ 26]LogWindows:Error: UE4Editor-Slate.dll!FUICommandList::ConditionalProcessCommandBindings() [d:\build\++ue4+release-4.13+compile\sync\engine\source\runtime\slate\private\framework\commands\uicommandlist.cpp:211]
[2016.11.03-23.41.53:534][ 26]LogWindows:Error: UE4Editor-Slate.dll!FUICommandList::ProcessCommandBindings() [d:\build\++ue4+release-4.13+compile\sync\engine\source\runtime\slate\private\framework\commands\uicommandlist.cpp:166]
[2016.11.03-23.41.53:534][ 26]LogWindows:Error: UE4Editor-UnrealEd.dll!UEditorEngine::ProcessDebuggerCommands() [d:\build\++ue4+release-4.13+compile\sync\engine\source\editor\unrealed\private\playlevel.cpp:875]
[2016.11.03-23.41.53:534][ 26]LogWindows:Error: UE4Editor-UnrealEd.dll!TBaseUObjectMethodDelegateInstance<0,UEditorEngine,bool __cdecl(FKey,FModifierKeysState)>::Execute() [d:\build\++ue4+release-4.13+compile\sync\engine\source\runtime\core\public\delegates\delegateinstancesimpl.h:756]
[2016.11.03-23.41.53:534][ 26]LogWindows:Error: UE4Editor-Engine.dll!UGameViewportClient::InputKey() [d:\build\++ue4+release-4.13+compile\sync\engine\source\runtime\engine\private\gameviewportclient.cpp:381]
[2016.11.03-23.41.53:534][ 26]LogWindows:Error: UE4Editor-Engine.dll!FSceneViewport::OnKeyUp() [d:\build\++ue4+release-4.13+compile\sync\engine\source\runtime\engine\private\slate\sceneviewport.cpp:849]
[2016.11.03-23.41.53:534][ 26]LogWindows:Error: UE4Editor-Slate.dll!SViewport::OnKeyUp() [d:\build\++ue4+release-4.13+compile\sync\engine\source\runtime\slate\private\widgets\sviewport.cpp:226]
[2016.11.03-23.41.53:534][ 26]LogWindows:Error: UE4Editor-Slate.dll!<lambda_6edabb7999d104566d200ed4979fb141>::operator()() [d:\build\++ue4+release-4.13+compile\sync\engine\source\runtime\slate\private\framework\application\slateapplication.cpp:4572]
[2016.11.03-23.41.53:534][ 26]LogWindows:Error: UE4Editor-Slate.dll!FEventRouter::Route<FReply,FEventRouter::FBubblePolicy,FKeyEvent,<lambda_6edabb7999d104566d200ed4979fb141> >() [d:\build\++ue4+release-4.13+compile\sync\engine\source\runtime\slate\private\framework\application\slateapplication.cpp:215]
[2016.11.03-23.41.53:534][ 26]LogWindows:Error: UE4Editor-Slate.dll!FEventRouter::RouteAlongFocusPath<FEventRouter::FBubblePolicy,<lambda_6edabb7999d104566d200ed4979fb141>,FKeyEvent>() [d:\build\++ue4+release-4.13+compile\sync\engine\source\runtime\slate\private\framework\application\slateapplication.cpp:197]
[2016.11.03-23.41.53:534][ 26]LogWindows:Error: UE4Editor-Slate.dll!FSlateApplication::ProcessKeyUpEvent() [d:\build\++ue4+release-4.13+compile\sync\engine\source\runtime\slate\private\framework\application\slateapplication.cpp:4570]
[2016.11.03-23.41.53:534][ 26]LogWindows:Error: UE4Editor-Slate.dll!FSlateApplication::OnKeyUp() [d:\build\++ue4+release-4.13+compile\sync\engine\source\runtime\slate\private\framework\application\slateapplication.cpp:4541]
[2016.11.03-23.41.53:534][ 26]LogWindows:Error: UE4Editor-Core.dll!FWindowsApplication::ProcessDeferredMessage() [d:\build\++ue4+release-4.13+compile\sync\engine\source\runtime\core\private\windows\windowsapplication.cpp:1499]
[2016.11.03-23.41.53:534][ 26]LogWindows:Error: UE4Editor-Core.dll!FWindowsApplication::DeferMessage() [d:\build\++ue4+release-4.13+compile\sync\engine\source\runtime\core\private\windows\windowsapplication.cpp:1930]
[2016.11.03-23.41.53:534][ 26]LogWindows:Error: UE4Editor-Core.dll!FWindowsApplication::ProcessMessage() [d:\build\++ue4+release-4.13+compile\sync\engine\source\runtime\core\private\windows\windowsapplication.cpp:747]
[2016.11.03-23.41.53:534][ 26]LogWindows:Error: UE4Editor-Core.dll!FWindowsApplication::AppWndProc() [d:\build\++ue4+release-4.13+compile\sync\engine\source\runtime\core\private\windows\windowsapplication.cpp:669]
[2016.11.03-23.41.53:534][ 26]LogWindows:Error: USER32.dll
[2016.11.03-23.41.53:534][ 26]LogWindows:Error: USER32.dll
[2016.11.03-23.41.53:534][ 26]LogWindows:Error: UE4Editor-Core.dll!FWindowsPlatformMisc::PumpMessages() [d:\build\++ue4+release-4.13+compile\sync\engine\source\runtime\core\private\windows\windowsplatformmisc.cpp:905]
[2016.11.03-23.41.53:534][ 26]LogWindows:Error: UE4Editor.exe!FEngineLoop::Tick() [d:\build\++ue4+release-4.13+compile\sync\engine\source\runtime\launch\private\launchengineloop.cpp:2788]
[2016.11.03-23.41.53:534][ 26]LogWindows:Error: UE4Editor.exe!GuardedMain() [d:\build\++ue4+release-4.13+compile\sync\engine\source\runtime\launch\private\launch.cpp:156]
[2016.11.03-23.41.53:534][ 26]LogWindows:Error: UE4Editor.exe!GuardedMainWrapper() [d:\build\++ue4+release-4.13+compile\sync\engine\source\runtime\launch\private\windows\launchwindows.cpp:126]
[2016.11.03-23.41.53:534][ 26]LogWindows:Error: UE4Editor.exe!WinMain() [d:\build\++ue4+release-4.13+compile\sync\engine\source\runtime\launch\private\windows\launchwindows.cpp:202]
[2016.11.03-23.41.53:534][ 26]LogWindows:Error: UE4Editor.exe!__scrt_common_main_seh() [f:\dd\vctools\crt\vcstartup\src\startup\exe_common.inl:264]
[2016.11.03-23.41.53:534][ 26]LogWindows:Error: KERNEL32.DLL
[2016.11.03-23.41.53:534][ 26]LogWindows:Error: ntdll.dll
[2016.11.03-23.41.53:534][ 26]LogWindows:Error: ntdll.dll
[2016.11.03-23.41.53:534][ 26]LogWindows:Error: 
[2016.11.03-23.41.53:549][ 26]LogExit: Executing StaticShutdownAfterError
[2016.11.03-23.41.53:553][ 26]LogWindows: FPlatformMisc::RequestExit(1)
[2016.11.03-23.41.53:553][ 26]Log file closed, 11/03/16 23:41:53
